10-Aug-2025 16:05:44.707 信息 [main] org.apache.catalina.startup.VersionLoggerListener.log Server.服务器版本: Apache Tomcat/8.5.98
10-Aug-2025 16:05:44.707 信息 [main] org.apache.catalina.startup.VersionLoggerListener.log 服务器构建:        Jan 5 2024 15:56:27 UTC
10-Aug-2025 16:05:44.719 信息 [main] org.apache.catalina.startup.VersionLoggerListener.log 服务器版本号:      8.5.98.0
10-Aug-2025 16:05:44.719 信息 [main] org.apache.catalina.startup.VersionLoggerListener.log 操作系统名称:      Windows 10
10-Aug-2025 16:05:44.719 信息 [main] org.apache.catalina.startup.VersionLoggerListener.log OS.版本:           10.0
10-Aug-2025 16:05:44.719 信息 [main] org.apache.catalina.startup.VersionLoggerListener.log 架构:              amd64
10-Aug-2025 16:05:44.719 信息 [main] org.apache.catalina.startup.VersionLoggerListener.log Java 环境变量:     C:\Users\Administrator\Desktop\chenhaobisai\apache-tomcat-8.5.98\bin\Java\jdk-1.8\jre
10-Aug-2025 16:05:44.719 信息 [main] org.apache.catalina.startup.VersionLoggerListener.log Java虚拟机版本:    1.8.0_401-b10
10-Aug-2025 16:05:44.719 信息 [main] org.apache.catalina.startup.VersionLoggerListener.log JVM.供应商:        Oracle Corporation
10-Aug-2025 16:05:44.719 信息 [main] org.apache.catalina.startup.VersionLoggerListener.log CATALINA_BASE:     C:\Users\Administrator\Desktop\chenhaobisai\apache-tomcat-8.5.98
10-Aug-2025 16:05:44.719 信息 [main] org.apache.catalina.startup.VersionLoggerListener.log CATALINA_HOME:     C:\Users\Administrator\Desktop\chenhaobisai\apache-tomcat-8.5.98
10-Aug-2025 16:05:44.719 信息 [main] org.apache.catalina.startup.VersionLoggerListener.log 命令行参数：       -Djava.util.logging.config.file=C:\Users\Administrator\Desktop\chenhaobisai\apache-tomcat-8.5.98\conf\logging.properties
10-Aug-2025 16:05:44.719 信息 [main] org.apache.catalina.startup.VersionLoggerListener.log 命令行参数：       -Djava.util.logging.manager=org.apache.juli.ClassLoaderLogManager
10-Aug-2025 16:05:44.719 信息 [main] org.apache.catalina.startup.VersionLoggerListener.log 命令行参数：       -Djdk.tls.ephemeralDHKeySize=2048
10-Aug-2025 16:05:44.719 信息 [main] org.apache.catalina.startup.VersionLoggerListener.log 命令行参数：       -Djava.protocol.handler.pkgs=org.apache.catalina.webresources
10-Aug-2025 16:05:44.719 信息 [main] org.apache.catalina.startup.VersionLoggerListener.log 命令行参数：       -Dignore.endorsed.dirs=
10-Aug-2025 16:05:44.719 信息 [main] org.apache.catalina.startup.VersionLoggerListener.log 命令行参数：       -Dcatalina.base=C:\Users\Administrator\Desktop\chenhaobisai\apache-tomcat-8.5.98
10-Aug-2025 16:05:44.719 信息 [main] org.apache.catalina.startup.VersionLoggerListener.log 命令行参数：       -Dcatalina.home=C:\Users\Administrator\Desktop\chenhaobisai\apache-tomcat-8.5.98
10-Aug-2025 16:05:44.719 信息 [main] org.apache.catalina.startup.VersionLoggerListener.log 命令行参数：       -Djava.io.tmpdir=C:\Users\Administrator\Desktop\chenhaobisai\apache-tomcat-8.5.98\temp
10-Aug-2025 16:05:44.719 信息 [main] org.apache.catalina.core.AprLifecycleListener.lifecycleEvent 使用APR版本[1.7.4]加载了基于APR的Apache Tomcat本机库[1.2.39]。
10-Aug-2025 16:05:44.719 信息 [main] org.apache.catalina.core.AprLifecycleListener.lifecycleEvent APR功能：IPv6[true]、sendfile[true]、accept filters[false]、random[true]、UDS [{4}]。
10-Aug-2025 16:05:44.719 信息 [main] org.apache.catalina.core.AprLifecycleListener.lifecycleEvent APR/OpenSSL配置：useAprConnector[false]，useOpenSSL[true]
10-Aug-2025 16:05:44.719 信息 [main] org.apache.catalina.core.AprLifecycleListener.initializeSSL OpenSSL成功初始化 [OpenSSL 3.0.11 19 Sep 2023]
10-Aug-2025 16:05:44.813 信息 [main] org.apache.coyote.AbstractProtocol.init 初始化协议处理器 ["http-nio-8080"]
10-Aug-2025 16:05:44.843 信息 [main] org.apache.catalina.startup.Catalina.load Initialization processed in 357 ms
10-Aug-2025 16:05:44.897 信息 [main] org.apache.catalina.core.StandardService.startInternal 正在启动服务[Catalina]
10-Aug-2025 16:05:44.897 信息 [main] org.apache.catalina.core.StandardEngine.startInternal 正在启动 Servlet 引擎：[Apache Tomcat/8.5.98]
10-Aug-2025 16:05:44.910 信息 [localhost-startStop-1] org.apache.catalina.startup.HostConfig.deployWAR 正在部署web应用程序存档文件[C:\Users\Administrator\Desktop\chenhaobisai\apache-tomcat-8.5.98\webapps\servers.war]
10-Aug-2025 16:05:46.269 信息 [localhost-startStop-1] org.apache.jasper.servlet.TldScanner.scanJars 至少有一个JAR被扫描用于TLD但尚未包含TLD。 为此记录器启用调试日志记录，以获取已扫描但未在其中找到TLD的完整JAR列表。 在扫描期间跳过不需要的JAR可以缩短启动时间和JSP编译时间。
10-Aug-2025 16:05:48.091 信息 [localhost-startStop-1] org.apache.catalina.startup.HostConfig.deployWAR web应用程序存档文件[C:\Users\Administrator\Desktop\chenhaobisai\apache-tomcat-8.5.98\webapps\servers.war]的部署已在[3,181]ms内完成
10-Aug-2025 16:05:48.091 信息 [localhost-startStop-1] org.apache.catalina.startup.HostConfig.deployDirectory 把web 应用程序部署到目录 [C:\Users\Administrator\Desktop\chenhaobisai\apache-tomcat-8.5.98\webapps\docs]
10-Aug-2025 16:05:48.111 信息 [localhost-startStop-1] org.apache.catalina.startup.HostConfig.deployDirectory Web应用程序目录[C:\Users\Administrator\Desktop\chenhaobisai\apache-tomcat-8.5.98\webapps\docs]的部署已在[20]毫秒内完成
10-Aug-2025 16:05:48.111 信息 [localhost-startStop-1] org.apache.catalina.startup.HostConfig.deployDirectory 把web 应用程序部署到目录 [C:\Users\Administrator\Desktop\chenhaobisai\apache-tomcat-8.5.98\webapps\examples]
10-Aug-2025 16:05:48.251 信息 [localhost-startStop-1] org.apache.catalina.startup.HostConfig.deployDirectory Web应用程序目录[C:\Users\Administrator\Desktop\chenhaobisai\apache-tomcat-8.5.98\webapps\examples]的部署已在[140]毫秒内完成
10-Aug-2025 16:05:48.251 信息 [localhost-startStop-1] org.apache.catalina.startup.HostConfig.deployDirectory 把web 应用程序部署到目录 [C:\Users\Administrator\Desktop\chenhaobisai\apache-tomcat-8.5.98\webapps\host-manager]
10-Aug-2025 16:05:48.263 信息 [localhost-startStop-1] org.apache.catalina.startup.HostConfig.deployDirectory Web应用程序目录[C:\Users\Administrator\Desktop\chenhaobisai\apache-tomcat-8.5.98\webapps\host-manager]的部署已在[12]毫秒内完成
10-Aug-2025 16:05:48.263 信息 [localhost-startStop-1] org.apache.catalina.startup.HostConfig.deployDirectory 把web 应用程序部署到目录 [C:\Users\Administrator\Desktop\chenhaobisai\apache-tomcat-8.5.98\webapps\manager]
10-Aug-2025 16:05:48.281 信息 [localhost-startStop-1] org.apache.catalina.startup.HostConfig.deployDirectory Web应用程序目录[C:\Users\Administrator\Desktop\chenhaobisai\apache-tomcat-8.5.98\webapps\manager]的部署已在[18]毫秒内完成
10-Aug-2025 16:05:48.281 信息 [localhost-startStop-1] org.apache.catalina.startup.HostConfig.deployDirectory 把web 应用程序部署到目录 [C:\Users\Administrator\Desktop\chenhaobisai\apache-tomcat-8.5.98\webapps\ROOT]
10-Aug-2025 16:05:48.293 信息 [localhost-startStop-1] org.apache.catalina.startup.HostConfig.deployDirectory Web应用程序目录[C:\Users\Administrator\Desktop\chenhaobisai\apache-tomcat-8.5.98\webapps\ROOT]的部署已在[12]毫秒内完成
10-Aug-2025 16:05:48.293 信息 [main] org.apache.coyote.AbstractProtocol.start 开始协议处理句柄["http-nio-8080"]
10-Aug-2025 16:05:48.304 信息 [main] org.apache.catalina.startup.Catalina.start Server startup in 3463 ms
10-Aug-2025 16:12:11.596 信息 [main] org.apache.catalina.startup.VersionLoggerListener.log Server.服务器版本: Apache Tomcat/8.5.98
10-Aug-2025 16:12:11.605 信息 [main] org.apache.catalina.startup.VersionLoggerListener.log 服务器构建:        Jan 5 2024 15:56:27 UTC
10-Aug-2025 16:12:11.605 信息 [main] org.apache.catalina.startup.VersionLoggerListener.log 服务器版本号:      8.5.98.0
10-Aug-2025 16:12:11.605 信息 [main] org.apache.catalina.startup.VersionLoggerListener.log 操作系统名称:      Windows 10
10-Aug-2025 16:12:11.605 信息 [main] org.apache.catalina.startup.VersionLoggerListener.log OS.版本:           10.0
10-Aug-2025 16:12:11.605 信息 [main] org.apache.catalina.startup.VersionLoggerListener.log 架构:              amd64
10-Aug-2025 16:12:11.605 信息 [main] org.apache.catalina.startup.VersionLoggerListener.log Java 环境变量:     C:\Users\Administrator\Desktop\chenhaobisai\apache-tomcat-8.5.98\bin\Java\jdk-1.8\jre
10-Aug-2025 16:12:11.607 信息 [main] org.apache.catalina.startup.VersionLoggerListener.log Java虚拟机版本:    1.8.0_401-b10
10-Aug-2025 16:12:11.607 信息 [main] org.apache.catalina.startup.VersionLoggerListener.log JVM.供应商:        Oracle Corporation
10-Aug-2025 16:12:11.607 信息 [main] org.apache.catalina.startup.VersionLoggerListener.log CATALINA_BASE:     C:\Users\Administrator\Desktop\chenhaobisai\apache-tomcat-8.5.98
10-Aug-2025 16:12:11.607 信息 [main] org.apache.catalina.startup.VersionLoggerListener.log CATALINA_HOME:     C:\Users\Administrator\Desktop\chenhaobisai\apache-tomcat-8.5.98
10-Aug-2025 16:12:11.607 信息 [main] org.apache.catalina.startup.VersionLoggerListener.log 命令行参数：       -Djava.util.logging.config.file=C:\Users\Administrator\Desktop\chenhaobisai\apache-tomcat-8.5.98\conf\logging.properties
10-Aug-2025 16:12:11.607 信息 [main] org.apache.catalina.startup.VersionLoggerListener.log 命令行参数：       -Djava.util.logging.manager=org.apache.juli.ClassLoaderLogManager
10-Aug-2025 16:12:11.607 信息 [main] org.apache.catalina.startup.VersionLoggerListener.log 命令行参数：       -Djdk.tls.ephemeralDHKeySize=2048
10-Aug-2025 16:12:11.607 信息 [main] org.apache.catalina.startup.VersionLoggerListener.log 命令行参数：       -Djava.protocol.handler.pkgs=org.apache.catalina.webresources
10-Aug-2025 16:12:11.607 信息 [main] org.apache.catalina.startup.VersionLoggerListener.log 命令行参数：       -Dignore.endorsed.dirs=
10-Aug-2025 16:12:11.607 信息 [main] org.apache.catalina.startup.VersionLoggerListener.log 命令行参数：       -Dcatalina.base=C:\Users\Administrator\Desktop\chenhaobisai\apache-tomcat-8.5.98
10-Aug-2025 16:12:11.607 信息 [main] org.apache.catalina.startup.VersionLoggerListener.log 命令行参数：       -Dcatalina.home=C:\Users\Administrator\Desktop\chenhaobisai\apache-tomcat-8.5.98
10-Aug-2025 16:12:11.607 信息 [main] org.apache.catalina.startup.VersionLoggerListener.log 命令行参数：       -Djava.io.tmpdir=C:\Users\Administrator\Desktop\chenhaobisai\apache-tomcat-8.5.98\temp
10-Aug-2025 16:12:11.607 信息 [main] org.apache.catalina.core.AprLifecycleListener.lifecycleEvent 使用APR版本[1.7.4]加载了基于APR的Apache Tomcat本机库[1.2.39]。
10-Aug-2025 16:12:11.607 信息 [main] org.apache.catalina.core.AprLifecycleListener.lifecycleEvent APR功能：IPv6[true]、sendfile[true]、accept filters[false]、random[true]、UDS [{4}]。
10-Aug-2025 16:12:11.607 信息 [main] org.apache.catalina.core.AprLifecycleListener.lifecycleEvent APR/OpenSSL配置：useAprConnector[false]，useOpenSSL[true]
10-Aug-2025 16:12:11.615 信息 [main] org.apache.catalina.core.AprLifecycleListener.initializeSSL OpenSSL成功初始化 [OpenSSL 3.0.11 19 Sep 2023]
10-Aug-2025 16:12:11.716 信息 [main] org.apache.coyote.AbstractProtocol.init 初始化协议处理器 ["http-nio-8080"]
10-Aug-2025 16:12:11.728 严重 [main] org.apache.catalina.core.StandardService.initInternal Failed to initialize connector [Connector["http-nio-8080"]]
	org.apache.catalina.LifecycleException: 协议处理程序初始化失败
		at org.apache.catalina.connector.Connector.initInternal(Connector.java:1075)
		at org.apache.catalina.util.LifecycleBase.init(LifecycleBase.java:127)
		at org.apache.catalina.core.StandardService.initInternal(StandardService.java:564)
		at org.apache.catalina.util.LifecycleBase.init(LifecycleBase.java:127)
		at org.apache.catalina.core.StandardServer.initInternal(StandardServer.java:854)
		at org.apache.catalina.util.LifecycleBase.init(LifecycleBase.java:127)
		at org.apache.catalina.startup.Catalina.load(Catalina.java:646)
		at org.apache.catalina.startup.Catalina.load(Catalina.java:669)
		at sun.reflect.NativeMethodAccessorImpl.invoke0(Native Method)
		at sun.reflect.NativeMethodAccessorImpl.invoke(NativeMethodAccessorImpl.java:62)
		at sun.reflect.DelegatingMethodAccessorImpl.invoke(DelegatingMethodAccessorImpl.java:43)
		at java.lang.reflect.Method.invoke(Method.java:498)
		at org.apache.catalina.startup.Bootstrap.load(Bootstrap.java:307)
		at org.apache.catalina.startup.Bootstrap.main(Bootstrap.java:477)
	Caused by: java.net.BindException: Address already in use: bind
		at sun.nio.ch.Net.bind0(Native Method)
		at sun.nio.ch.Net.bind(Net.java:438)
		at sun.nio.ch.Net.bind(Net.java:430)
		at sun.nio.ch.ServerSocketChannelImpl.bind(ServerSocketChannelImpl.java:225)
		at sun.nio.ch.ServerSocketAdaptor.bind(ServerSocketAdaptor.java:74)
		at org.apache.tomcat.util.net.NioEndpoint.initServerSocket(NioEndpoint.java:226)
		at org.apache.tomcat.util.net.NioEndpoint.bind(NioEndpoint.java:202)
		at org.apache.tomcat.util.net.AbstractEndpoint.bindWithCleanup(AbstractEndpoint.java:1326)
		at org.apache.tomcat.util.net.AbstractEndpoint.init(AbstractEndpoint.java:1339)
		at org.apache.tomcat.util.net.AbstractJsseEndpoint.init(AbstractJsseEndpoint.java:231)
		at org.apache.coyote.AbstractProtocol.init(AbstractProtocol.java:695)
		at org.apache.coyote.http11.AbstractHttp11Protocol.init(AbstractHttp11Protocol.java:76)
		at org.apache.catalina.connector.Connector.initInternal(Connector.java:1073)
		... 13 more
10-Aug-2025 16:12:11.728 信息 [main] org.apache.catalina.startup.Catalina.load Initialization processed in 387 ms
10-Aug-2025 16:12:11.778 信息 [main] org.apache.catalina.core.StandardService.startInternal 正在启动服务[Catalina]
10-Aug-2025 16:12:11.778 信息 [main] org.apache.catalina.core.StandardEngine.startInternal 正在启动 Servlet 引擎：[Apache Tomcat/8.5.98]
10-Aug-2025 16:12:11.788 信息 [localhost-startStop-1] org.apache.catalina.startup.HostConfig.deployWAR 正在部署web应用程序存档文件[C:\Users\Administrator\Desktop\chenhaobisai\apache-tomcat-8.5.98\webapps\servers.war]
10-Aug-2025 16:12:13.183 信息 [localhost-startStop-1] org.apache.jasper.servlet.TldScanner.scanJars 至少有一个JAR被扫描用于TLD但尚未包含TLD。 为此记录器启用调试日志记录，以获取已扫描但未在其中找到TLD的完整JAR列表。 在扫描期间跳过不需要的JAR可以缩短启动时间和JSP编译时间。
10-Aug-2025 16:12:15.150 警告 [localhost-startStop-1] org.apache.catalina.util.SessionIdGeneratorBase.createSecureRandom 使用[SHA1PRNG]创建会话ID生成的SecureRandom实例花费了[112]毫秒。
10-Aug-2025 16:12:15.168 信息 [localhost-startStop-1] org.apache.catalina.startup.HostConfig.deployWAR web应用程序存档文件[C:\Users\Administrator\Desktop\chenhaobisai\apache-tomcat-8.5.98\webapps\servers.war]的部署已在[3,380]ms内完成
10-Aug-2025 16:12:15.168 信息 [localhost-startStop-1] org.apache.catalina.startup.HostConfig.deployDirectory 把web 应用程序部署到目录 [C:\Users\Administrator\Desktop\chenhaobisai\apache-tomcat-8.5.98\webapps\docs]
10-Aug-2025 16:12:15.180 信息 [localhost-startStop-1] org.apache.catalina.startup.HostConfig.deployDirectory Web应用程序目录[C:\Users\Administrator\Desktop\chenhaobisai\apache-tomcat-8.5.98\webapps\docs]的部署已在[12]毫秒内完成
10-Aug-2025 16:12:15.180 信息 [localhost-startStop-1] org.apache.catalina.startup.HostConfig.deployDirectory 把web 应用程序部署到目录 [C:\Users\Administrator\Desktop\chenhaobisai\apache-tomcat-8.5.98\webapps\examples]
10-Aug-2025 16:12:15.351 信息 [localhost-startStop-1] org.apache.catalina.startup.HostConfig.deployDirectory Web应用程序目录[C:\Users\Administrator\Desktop\chenhaobisai\apache-tomcat-8.5.98\webapps\examples]的部署已在[171]毫秒内完成
10-Aug-2025 16:12:15.352 信息 [localhost-startStop-1] org.apache.catalina.startup.HostConfig.deployDirectory 把web 应用程序部署到目录 [C:\Users\Administrator\Desktop\chenhaobisai\apache-tomcat-8.5.98\webapps\host-manager]
10-Aug-2025 16:12:15.374 信息 [localhost-startStop-1] org.apache.catalina.startup.HostConfig.deployDirectory Web应用程序目录[C:\Users\Administrator\Desktop\chenhaobisai\apache-tomcat-8.5.98\webapps\host-manager]的部署已在[22]毫秒内完成
10-Aug-2025 16:12:15.375 信息 [localhost-startStop-1] org.apache.catalina.startup.HostConfig.deployDirectory 把web 应用程序部署到目录 [C:\Users\Administrator\Desktop\chenhaobisai\apache-tomcat-8.5.98\webapps\manager]
10-Aug-2025 16:12:15.393 信息 [localhost-startStop-1] org.apache.catalina.startup.HostConfig.deployDirectory Web应用程序目录[C:\Users\Administrator\Desktop\chenhaobisai\apache-tomcat-8.5.98\webapps\manager]的部署已在[18]毫秒内完成
10-Aug-2025 16:12:15.393 信息 [localhost-startStop-1] org.apache.catalina.startup.HostConfig.deployDirectory 把web 应用程序部署到目录 [C:\Users\Administrator\Desktop\chenhaobisai\apache-tomcat-8.5.98\webapps\ROOT]
10-Aug-2025 16:12:15.408 信息 [localhost-startStop-1] org.apache.catalina.startup.HostConfig.deployDirectory Web应用程序目录[C:\Users\Administrator\Desktop\chenhaobisai\apache-tomcat-8.5.98\webapps\ROOT]的部署已在[15]毫秒内完成
10-Aug-2025 16:12:15.412 信息 [main] org.apache.catalina.startup.Catalina.start Server startup in 3681 ms
10-Aug-2025 16:12:15.412 严重 [main] org.apache.catalina.core.StandardServer.await 无法在地址[localhost]和端口[8005]上创建服务器关闭套接字（基本端口[8005]和偏移量[0]）
	java.net.BindException: Address already in use: JVM_Bind
		at java.net.DualStackPlainSocketImpl.bind0(Native Method)
		at java.net.DualStackPlainSocketImpl.socketBind(DualStackPlainSocketImpl.java:102)
		at java.net.AbstractPlainSocketImpl.bind(AbstractPlainSocketImpl.java:513)
		at java.net.PlainSocketImpl.bind(PlainSocketImpl.java:180)
		at java.net.ServerSocket.bind(ServerSocket.java:375)
		at java.net.ServerSocket.<init>(ServerSocket.java:237)
		at org.apache.catalina.core.StandardServer.await(StandardServer.java:444)
		at org.apache.catalina.startup.Catalina.await(Catalina.java:783)
		at org.apache.catalina.startup.Catalina.start(Catalina.java:729)
		at sun.reflect.NativeMethodAccessorImpl.invoke0(Native Method)
		at sun.reflect.NativeMethodAccessorImpl.invoke(NativeMethodAccessorImpl.java:62)
		at sun.reflect.DelegatingMethodAccessorImpl.invoke(DelegatingMethodAccessorImpl.java:43)
		at java.lang.reflect.Method.invoke(Method.java:498)
		at org.apache.catalina.startup.Bootstrap.start(Bootstrap.java:347)
		at org.apache.catalina.startup.Bootstrap.main(Bootstrap.java:478)
10-Aug-2025 16:12:15.412 信息 [main] org.apache.coyote.AbstractProtocol.pause 暂停ProtocolHandler["http-nio-8080"]
10-Aug-2025 16:12:15.412 信息 [main] org.apache.catalina.core.StandardService.stopInternal 正在停止服务[Catalina]
10-Aug-2025 16:12:15.437 警告 [localhost-startStop-1] org.apache.catalina.loader.WebappClassLoaderBase.clearReferencesThreads Web应用程序[servers]似乎启动了一个名为[Thread-3]的线程，但未能停止它。这很可能会造成内存泄漏。线程的堆栈跟踪：[
 com.example.servers.bean.comDeviceListener.run(comDeviceListener.java:28)
 java.lang.Thread.run(Thread.java:750)]
10-Aug-2025 16:12:15.438 警告 [localhost-startStop-1] org.apache.catalina.loader.WebappClassLoaderBase.clearReferencesThreads Web应用程序[servers]似乎启动了一个名为[Thread-4]的线程，但未能停止它。这很可能会造成内存泄漏。线程的堆栈跟踪：[
 com.example.servers.bean.comclient.run(comclient.java:39)
 java.lang.Thread.run(Thread.java:750)]
10-Aug-2025 16:12:15.438 警告 [localhost-startStop-1] org.apache.catalina.loader.WebappClassLoaderBase.clearReferencesThreads Web应用程序[servers]似乎启动了一个名为[Thread-5]的线程，但未能停止它。这很可能会造成内存泄漏。线程的堆栈跟踪：[
 com.example.servers.bean.tcpclient.run(tcpclient.java:39)
 java.lang.Thread.run(Thread.java:750)]
10-Aug-2025 16:12:15.439 警告 [localhost-startStop-1] org.apache.catalina.loader.WebappClassLoaderBase.clearReferencesThreads Web应用程序[servers]似乎启动了一个名为[Thread-6]的线程，但未能停止它。这很可能会造成内存泄漏。线程的堆栈跟踪：[
 com.example.servers.bean.udpclient.run(udpclient.java:38)
 java.lang.Thread.run(Thread.java:750)]
10-Aug-2025 16:12:15.439 警告 [localhost-startStop-1] org.apache.catalina.loader.WebappClassLoaderBase.clearReferencesThreads Web应用程序[servers]似乎启动了一个名为[Thread-7]的线程，但未能停止它。这很可能会造成内存泄漏。线程的堆栈跟踪：[
 java.lang.Thread.sleep(Native Method)
 com.example.servers.bean.communicate.run(communicate.java:222)
 java.lang.Thread.run(Thread.java:750)]
10-Aug-2025 16:12:15.445 信息 [main] org.apache.coyote.AbstractProtocol.stop 正在停止ProtocolHandler ["http-nio-8080"]
10-Aug-2025 16:12:15.447 信息 [main] org.apache.coyote.AbstractProtocol.destroy 正在摧毁协议处理器 ["http-nio-8080"]
10-Aug-2025 16:12:23.167 信息 [main] org.apache.catalina.startup.VersionLoggerListener.log Server.服务器版本: Apache Tomcat/8.5.98
10-Aug-2025 16:12:23.167 信息 [main] org.apache.catalina.startup.VersionLoggerListener.log 服务器构建:        Jan 5 2024 15:56:27 UTC
10-Aug-2025 16:12:23.167 信息 [main] org.apache.catalina.startup.VersionLoggerListener.log 服务器版本号:      8.5.98.0
10-Aug-2025 16:12:23.167 信息 [main] org.apache.catalina.startup.VersionLoggerListener.log 操作系统名称:      Windows 10
10-Aug-2025 16:12:23.183 信息 [main] org.apache.catalina.startup.VersionLoggerListener.log OS.版本:           10.0
10-Aug-2025 16:12:23.183 信息 [main] org.apache.catalina.startup.VersionLoggerListener.log 架构:              amd64
10-Aug-2025 16:12:23.183 信息 [main] org.apache.catalina.startup.VersionLoggerListener.log Java 环境变量:     C:\Users\Administrator\Desktop\chenhaobisai\apache-tomcat-8.5.98\bin\Java\jdk-1.8\jre
10-Aug-2025 16:12:23.183 信息 [main] org.apache.catalina.startup.VersionLoggerListener.log Java虚拟机版本:    1.8.0_401-b10
10-Aug-2025 16:12:23.183 信息 [main] org.apache.catalina.startup.VersionLoggerListener.log JVM.供应商:        Oracle Corporation
10-Aug-2025 16:12:23.183 信息 [main] org.apache.catalina.startup.VersionLoggerListener.log CATALINA_BASE:     C:\Users\Administrator\Desktop\chenhaobisai\apache-tomcat-8.5.98
10-Aug-2025 16:12:23.183 信息 [main] org.apache.catalina.startup.VersionLoggerListener.log CATALINA_HOME:     C:\Users\Administrator\Desktop\chenhaobisai\apache-tomcat-8.5.98
10-Aug-2025 16:12:23.183 信息 [main] org.apache.catalina.startup.VersionLoggerListener.log 命令行参数：       -Djava.util.logging.config.file=C:\Users\Administrator\Desktop\chenhaobisai\apache-tomcat-8.5.98\conf\logging.properties
10-Aug-2025 16:12:23.183 信息 [main] org.apache.catalina.startup.VersionLoggerListener.log 命令行参数：       -Djava.util.logging.manager=org.apache.juli.ClassLoaderLogManager
10-Aug-2025 16:12:23.183 信息 [main] org.apache.catalina.startup.VersionLoggerListener.log 命令行参数：       -Djdk.tls.ephemeralDHKeySize=2048
10-Aug-2025 16:12:23.183 信息 [main] org.apache.catalina.startup.VersionLoggerListener.log 命令行参数：       -Djava.protocol.handler.pkgs=org.apache.catalina.webresources
10-Aug-2025 16:12:23.183 信息 [main] org.apache.catalina.startup.VersionLoggerListener.log 命令行参数：       -Dignore.endorsed.dirs=
10-Aug-2025 16:12:23.183 信息 [main] org.apache.catalina.startup.VersionLoggerListener.log 命令行参数：       -Dcatalina.base=C:\Users\Administrator\Desktop\chenhaobisai\apache-tomcat-8.5.98
10-Aug-2025 16:12:23.183 信息 [main] org.apache.catalina.startup.VersionLoggerListener.log 命令行参数：       -Dcatalina.home=C:\Users\Administrator\Desktop\chenhaobisai\apache-tomcat-8.5.98
10-Aug-2025 16:12:23.183 信息 [main] org.apache.catalina.startup.VersionLoggerListener.log 命令行参数：       -Djava.io.tmpdir=C:\Users\Administrator\Desktop\chenhaobisai\apache-tomcat-8.5.98\temp
10-Aug-2025 16:12:23.183 信息 [main] org.apache.catalina.core.AprLifecycleListener.lifecycleEvent 使用APR版本[1.7.4]加载了基于APR的Apache Tomcat本机库[1.2.39]。
10-Aug-2025 16:12:23.183 信息 [main] org.apache.catalina.core.AprLifecycleListener.lifecycleEvent APR功能：IPv6[true]、sendfile[true]、accept filters[false]、random[true]、UDS [{4}]。
10-Aug-2025 16:12:23.183 信息 [main] org.apache.catalina.core.AprLifecycleListener.lifecycleEvent APR/OpenSSL配置：useAprConnector[false]，useOpenSSL[true]
10-Aug-2025 16:12:23.183 信息 [main] org.apache.catalina.core.AprLifecycleListener.initializeSSL OpenSSL成功初始化 [OpenSSL 3.0.11 19 Sep 2023]
10-Aug-2025 16:12:23.283 信息 [main] org.apache.coyote.AbstractProtocol.init 初始化协议处理器 ["http-nio-8080"]
10-Aug-2025 16:12:23.300 信息 [main] org.apache.catalina.startup.Catalina.load Initialization processed in 350 ms
10-Aug-2025 16:12:23.337 信息 [main] org.apache.catalina.core.StandardService.startInternal 正在启动服务[Catalina]
10-Aug-2025 16:12:23.337 信息 [main] org.apache.catalina.core.StandardEngine.startInternal 正在启动 Servlet 引擎：[Apache Tomcat/8.5.98]
10-Aug-2025 16:12:23.352 信息 [localhost-startStop-1] org.apache.catalina.startup.HostConfig.deployWAR 正在部署web应用程序存档文件[C:\Users\Administrator\Desktop\chenhaobisai\apache-tomcat-8.5.98\webapps\servers.war]
10-Aug-2025 16:12:24.567 信息 [localhost-startStop-1] org.apache.jasper.servlet.TldScanner.scanJars 至少有一个JAR被扫描用于TLD但尚未包含TLD。 为此记录器启用调试日志记录，以获取已扫描但未在其中找到TLD的完整JAR列表。 在扫描期间跳过不需要的JAR可以缩短启动时间和JSP编译时间。
10-Aug-2025 16:12:26.359 信息 [localhost-startStop-1] org.apache.catalina.startup.HostConfig.deployWAR web应用程序存档文件[C:\Users\Administrator\Desktop\chenhaobisai\apache-tomcat-8.5.98\webapps\servers.war]的部署已在[3,007]ms内完成
10-Aug-2025 16:12:26.359 信息 [localhost-startStop-1] org.apache.catalina.startup.HostConfig.deployDirectory 把web 应用程序部署到目录 [C:\Users\Administrator\Desktop\chenhaobisai\apache-tomcat-8.5.98\webapps\docs]
10-Aug-2025 16:12:26.381 信息 [localhost-startStop-1] org.apache.catalina.startup.HostConfig.deployDirectory Web应用程序目录[C:\Users\Administrator\Desktop\chenhaobisai\apache-tomcat-8.5.98\webapps\docs]的部署已在[22]毫秒内完成
10-Aug-2025 16:12:26.381 信息 [localhost-startStop-1] org.apache.catalina.startup.HostConfig.deployDirectory 把web 应用程序部署到目录 [C:\Users\Administrator\Desktop\chenhaobisai\apache-tomcat-8.5.98\webapps\examples]
10-Aug-2025 16:12:26.534 信息 [localhost-startStop-1] org.apache.catalina.startup.HostConfig.deployDirectory Web应用程序目录[C:\Users\Administrator\Desktop\chenhaobisai\apache-tomcat-8.5.98\webapps\examples]的部署已在[153]毫秒内完成
10-Aug-2025 16:12:26.534 信息 [localhost-startStop-1] org.apache.catalina.startup.HostConfig.deployDirectory 把web 应用程序部署到目录 [C:\Users\Administrator\Desktop\chenhaobisai\apache-tomcat-8.5.98\webapps\host-manager]
10-Aug-2025 16:12:26.544 信息 [localhost-startStop-1] org.apache.catalina.startup.HostConfig.deployDirectory Web应用程序目录[C:\Users\Administrator\Desktop\chenhaobisai\apache-tomcat-8.5.98\webapps\host-manager]的部署已在[10]毫秒内完成
10-Aug-2025 16:12:26.544 信息 [localhost-startStop-1] org.apache.catalina.startup.HostConfig.deployDirectory 把web 应用程序部署到目录 [C:\Users\Administrator\Desktop\chenhaobisai\apache-tomcat-8.5.98\webapps\manager]
10-Aug-2025 16:12:26.564 信息 [localhost-startStop-1] org.apache.catalina.startup.HostConfig.deployDirectory Web应用程序目录[C:\Users\Administrator\Desktop\chenhaobisai\apache-tomcat-8.5.98\webapps\manager]的部署已在[20]毫秒内完成
10-Aug-2025 16:12:26.564 信息 [localhost-startStop-1] org.apache.catalina.startup.HostConfig.deployDirectory 把web 应用程序部署到目录 [C:\Users\Administrator\Desktop\chenhaobisai\apache-tomcat-8.5.98\webapps\ROOT]
10-Aug-2025 16:12:26.574 信息 [localhost-startStop-1] org.apache.catalina.startup.HostConfig.deployDirectory Web应用程序目录[C:\Users\Administrator\Desktop\chenhaobisai\apache-tomcat-8.5.98\webapps\ROOT]的部署已在[10]毫秒内完成
10-Aug-2025 16:12:26.574 信息 [main] org.apache.coyote.AbstractProtocol.start 开始协议处理句柄["http-nio-8080"]
10-Aug-2025 16:12:26.584 信息 [main] org.apache.catalina.startup.Catalina.start Server startup in 3287 ms
10-Aug-2025 16:36:01.774 信息 [main] org.apache.catalina.startup.VersionLoggerListener.log Server.服务器版本: Apache Tomcat/8.5.98
10-Aug-2025 16:36:01.777 信息 [main] org.apache.catalina.startup.VersionLoggerListener.log 服务器构建:        Jan 5 2024 15:56:27 UTC
10-Aug-2025 16:36:01.777 信息 [main] org.apache.catalina.startup.VersionLoggerListener.log 服务器版本号:      8.5.98.0
10-Aug-2025 16:36:01.777 信息 [main] org.apache.catalina.startup.VersionLoggerListener.log 操作系统名称:      Windows 10
10-Aug-2025 16:36:01.778 信息 [main] org.apache.catalina.startup.VersionLoggerListener.log OS.版本:           10.0
10-Aug-2025 16:36:01.778 信息 [main] org.apache.catalina.startup.VersionLoggerListener.log 架构:              amd64
10-Aug-2025 16:36:01.778 信息 [main] org.apache.catalina.startup.VersionLoggerListener.log Java 环境变量:     C:\Users\Administrator\Desktop\chenhaobisai\apache-tomcat-8.5.98\bin\Java\jdk-1.8\jre
10-Aug-2025 16:36:01.778 信息 [main] org.apache.catalina.startup.VersionLoggerListener.log Java虚拟机版本:    1.8.0_401-b10
10-Aug-2025 16:36:01.778 信息 [main] org.apache.catalina.startup.VersionLoggerListener.log JVM.供应商:        Oracle Corporation
10-Aug-2025 16:36:01.778 信息 [main] org.apache.catalina.startup.VersionLoggerListener.log CATALINA_BASE:     C:\Users\Administrator\Desktop\chenhaobisai\apache-tomcat-8.5.98
10-Aug-2025 16:36:01.778 信息 [main] org.apache.catalina.startup.VersionLoggerListener.log CATALINA_HOME:     C:\Users\Administrator\Desktop\chenhaobisai\apache-tomcat-8.5.98
10-Aug-2025 16:36:01.779 信息 [main] org.apache.catalina.startup.VersionLoggerListener.log 命令行参数：       -Djava.util.logging.config.file=C:\Users\Administrator\Desktop\chenhaobisai\apache-tomcat-8.5.98\conf\logging.properties
10-Aug-2025 16:36:01.779 信息 [main] org.apache.catalina.startup.VersionLoggerListener.log 命令行参数：       -Djava.util.logging.manager=org.apache.juli.ClassLoaderLogManager
10-Aug-2025 16:36:01.779 信息 [main] org.apache.catalina.startup.VersionLoggerListener.log 命令行参数：       -Djdk.tls.ephemeralDHKeySize=2048
10-Aug-2025 16:36:01.779 信息 [main] org.apache.catalina.startup.VersionLoggerListener.log 命令行参数：       -Djava.protocol.handler.pkgs=org.apache.catalina.webresources
10-Aug-2025 16:36:01.779 信息 [main] org.apache.catalina.startup.VersionLoggerListener.log 命令行参数：       -Dignore.endorsed.dirs=
10-Aug-2025 16:36:01.780 信息 [main] org.apache.catalina.startup.VersionLoggerListener.log 命令行参数：       -Dcatalina.base=C:\Users\Administrator\Desktop\chenhaobisai\apache-tomcat-8.5.98
10-Aug-2025 16:36:01.781 信息 [main] org.apache.catalina.startup.VersionLoggerListener.log 命令行参数：       -Dcatalina.home=C:\Users\Administrator\Desktop\chenhaobisai\apache-tomcat-8.5.98
10-Aug-2025 16:36:01.781 信息 [main] org.apache.catalina.startup.VersionLoggerListener.log 命令行参数：       -Djava.io.tmpdir=C:\Users\Administrator\Desktop\chenhaobisai\apache-tomcat-8.5.98\temp
10-Aug-2025 16:36:01.781 信息 [main] org.apache.catalina.core.AprLifecycleListener.lifecycleEvent 使用APR版本[1.7.4]加载了基于APR的Apache Tomcat本机库[1.2.39]。
10-Aug-2025 16:36:01.782 信息 [main] org.apache.catalina.core.AprLifecycleListener.lifecycleEvent APR功能：IPv6[true]、sendfile[true]、accept filters[false]、random[true]、UDS [{4}]。
10-Aug-2025 16:36:01.782 信息 [main] org.apache.catalina.core.AprLifecycleListener.lifecycleEvent APR/OpenSSL配置：useAprConnector[false]，useOpenSSL[true]
10-Aug-2025 16:36:01.786 信息 [main] org.apache.catalina.core.AprLifecycleListener.initializeSSL OpenSSL成功初始化 [OpenSSL 3.0.11 19 Sep 2023]
10-Aug-2025 16:36:01.885 信息 [main] org.apache.coyote.AbstractProtocol.init 初始化协议处理器 ["http-nio-8080"]
10-Aug-2025 16:36:01.897 信息 [main] org.apache.catalina.startup.Catalina.load Initialization processed in 353 ms
10-Aug-2025 16:36:01.944 信息 [main] org.apache.catalina.core.StandardService.startInternal 正在启动服务[Catalina]
10-Aug-2025 16:36:01.944 信息 [main] org.apache.catalina.core.StandardEngine.startInternal 正在启动 Servlet 引擎：[Apache Tomcat/8.5.98]
10-Aug-2025 16:36:01.955 信息 [localhost-startStop-1] org.apache.catalina.startup.HostConfig.deployWAR 正在部署web应用程序存档文件[C:\Users\Administrator\Desktop\chenhaobisai\apache-tomcat-8.5.98\webapps\servers.war]
10-Aug-2025 16:36:03.107 信息 [localhost-startStop-1] org.apache.jasper.servlet.TldScanner.scanJars 至少有一个JAR被扫描用于TLD但尚未包含TLD。 为此记录器启用调试日志记录，以获取已扫描但未在其中找到TLD的完整JAR列表。 在扫描期间跳过不需要的JAR可以缩短启动时间和JSP编译时间。
10-Aug-2025 16:36:04.965 警告 [localhost-startStop-1] org.apache.catalina.util.SessionIdGeneratorBase.createSecureRandom 使用[SHA1PRNG]创建会话ID生成的SecureRandom实例花费了[135]毫秒。
10-Aug-2025 16:36:04.979 信息 [localhost-startStop-1] org.apache.catalina.startup.HostConfig.deployWAR web应用程序存档文件[C:\Users\Administrator\Desktop\chenhaobisai\apache-tomcat-8.5.98\webapps\servers.war]的部署已在[3,024]ms内完成
10-Aug-2025 16:36:04.980 信息 [localhost-startStop-1] org.apache.catalina.startup.HostConfig.deployDirectory 把web 应用程序部署到目录 [C:\Users\Administrator\Desktop\chenhaobisai\apache-tomcat-8.5.98\webapps\docs]
10-Aug-2025 16:36:04.992 信息 [localhost-startStop-1] org.apache.catalina.startup.HostConfig.deployDirectory Web应用程序目录[C:\Users\Administrator\Desktop\chenhaobisai\apache-tomcat-8.5.98\webapps\docs]的部署已在[12]毫秒内完成
10-Aug-2025 16:36:04.992 信息 [localhost-startStop-1] org.apache.catalina.startup.HostConfig.deployDirectory 把web 应用程序部署到目录 [C:\Users\Administrator\Desktop\chenhaobisai\apache-tomcat-8.5.98\webapps\examples]
10-Aug-2025 16:36:05.125 信息 [localhost-startStop-1] org.apache.catalina.startup.HostConfig.deployDirectory Web应用程序目录[C:\Users\Administrator\Desktop\chenhaobisai\apache-tomcat-8.5.98\webapps\examples]的部署已在[133]毫秒内完成
10-Aug-2025 16:36:05.125 信息 [localhost-startStop-1] org.apache.catalina.startup.HostConfig.deployDirectory 把web 应用程序部署到目录 [C:\Users\Administrator\Desktop\chenhaobisai\apache-tomcat-8.5.98\webapps\host-manager]
10-Aug-2025 16:36:05.143 信息 [localhost-startStop-1] org.apache.catalina.startup.HostConfig.deployDirectory Web应用程序目录[C:\Users\Administrator\Desktop\chenhaobisai\apache-tomcat-8.5.98\webapps\host-manager]的部署已在[18]毫秒内完成
10-Aug-2025 16:36:05.143 信息 [localhost-startStop-1] org.apache.catalina.startup.HostConfig.deployDirectory 把web 应用程序部署到目录 [C:\Users\Administrator\Desktop\chenhaobisai\apache-tomcat-8.5.98\webapps\manager]
10-Aug-2025 16:36:05.158 信息 [localhost-startStop-1] org.apache.catalina.startup.HostConfig.deployDirectory Web应用程序目录[C:\Users\Administrator\Desktop\chenhaobisai\apache-tomcat-8.5.98\webapps\manager]的部署已在[15]毫秒内完成
10-Aug-2025 16:36:05.158 信息 [localhost-startStop-1] org.apache.catalina.startup.HostConfig.deployDirectory 把web 应用程序部署到目录 [C:\Users\Administrator\Desktop\chenhaobisai\apache-tomcat-8.5.98\webapps\ROOT]
10-Aug-2025 16:36:05.169 信息 [localhost-startStop-1] org.apache.catalina.startup.HostConfig.deployDirectory Web应用程序目录[C:\Users\Administrator\Desktop\chenhaobisai\apache-tomcat-8.5.98\webapps\ROOT]的部署已在[11]毫秒内完成
10-Aug-2025 16:36:05.171 信息 [main] org.apache.coyote.AbstractProtocol.start 开始协议处理句柄["http-nio-8080"]
10-Aug-2025 16:36:05.182 信息 [main] org.apache.catalina.startup.Catalina.start Server startup in 3284 ms
10-Aug-2025 17:12:17.892 信息 [main] org.apache.catalina.startup.VersionLoggerListener.log Server.服务器版本: Apache Tomcat/8.5.98
10-Aug-2025 17:12:17.895 信息 [main] org.apache.catalina.startup.VersionLoggerListener.log 服务器构建:        Jan 5 2024 15:56:27 UTC
10-Aug-2025 17:12:17.895 信息 [main] org.apache.catalina.startup.VersionLoggerListener.log 服务器版本号:      8.5.98.0
10-Aug-2025 17:12:17.895 信息 [main] org.apache.catalina.startup.VersionLoggerListener.log 操作系统名称:      Windows 10
10-Aug-2025 17:12:17.895 信息 [main] org.apache.catalina.startup.VersionLoggerListener.log OS.版本:           10.0
10-Aug-2025 17:12:17.895 信息 [main] org.apache.catalina.startup.VersionLoggerListener.log 架构:              amd64
10-Aug-2025 17:12:17.895 信息 [main] org.apache.catalina.startup.VersionLoggerListener.log Java 环境变量:     C:\Users\Administrator\Desktop\chenhaobisai\apache-tomcat-8.5.98\bin\Java\jdk-1.8\jre
10-Aug-2025 17:12:17.896 信息 [main] org.apache.catalina.startup.VersionLoggerListener.log Java虚拟机版本:    1.8.0_401-b10
10-Aug-2025 17:12:17.896 信息 [main] org.apache.catalina.startup.VersionLoggerListener.log JVM.供应商:        Oracle Corporation
10-Aug-2025 17:12:17.896 信息 [main] org.apache.catalina.startup.VersionLoggerListener.log CATALINA_BASE:     C:\Users\Administrator\Desktop\chenhaobisai\apache-tomcat-8.5.98
10-Aug-2025 17:12:17.896 信息 [main] org.apache.catalina.startup.VersionLoggerListener.log CATALINA_HOME:     C:\Users\Administrator\Desktop\chenhaobisai\apache-tomcat-8.5.98
10-Aug-2025 17:12:17.896 信息 [main] org.apache.catalina.startup.VersionLoggerListener.log 命令行参数：       -Djava.util.logging.config.file=C:\Users\Administrator\Desktop\chenhaobisai\apache-tomcat-8.5.98\conf\logging.properties
10-Aug-2025 17:12:17.896 信息 [main] org.apache.catalina.startup.VersionLoggerListener.log 命令行参数：       -Djava.util.logging.manager=org.apache.juli.ClassLoaderLogManager
10-Aug-2025 17:12:17.896 信息 [main] org.apache.catalina.startup.VersionLoggerListener.log 命令行参数：       -Djdk.tls.ephemeralDHKeySize=2048
10-Aug-2025 17:12:17.896 信息 [main] org.apache.catalina.startup.VersionLoggerListener.log 命令行参数：       -Djava.protocol.handler.pkgs=org.apache.catalina.webresources
10-Aug-2025 17:12:17.896 信息 [main] org.apache.catalina.startup.VersionLoggerListener.log 命令行参数：       -Dignore.endorsed.dirs=
10-Aug-2025 17:12:17.897 信息 [main] org.apache.catalina.startup.VersionLoggerListener.log 命令行参数：       -Dcatalina.base=C:\Users\Administrator\Desktop\chenhaobisai\apache-tomcat-8.5.98
10-Aug-2025 17:12:17.897 信息 [main] org.apache.catalina.startup.VersionLoggerListener.log 命令行参数：       -Dcatalina.home=C:\Users\Administrator\Desktop\chenhaobisai\apache-tomcat-8.5.98
10-Aug-2025 17:12:17.898 信息 [main] org.apache.catalina.startup.VersionLoggerListener.log 命令行参数：       -Djava.io.tmpdir=C:\Users\Administrator\Desktop\chenhaobisai\apache-tomcat-8.5.98\temp
10-Aug-2025 17:12:17.898 信息 [main] org.apache.catalina.core.AprLifecycleListener.lifecycleEvent 使用APR版本[1.7.4]加载了基于APR的Apache Tomcat本机库[1.2.39]。
10-Aug-2025 17:12:17.898 信息 [main] org.apache.catalina.core.AprLifecycleListener.lifecycleEvent APR功能：IPv6[true]、sendfile[true]、accept filters[false]、random[true]、UDS [{4}]。
10-Aug-2025 17:12:17.898 信息 [main] org.apache.catalina.core.AprLifecycleListener.lifecycleEvent APR/OpenSSL配置：useAprConnector[false]，useOpenSSL[true]
10-Aug-2025 17:12:17.902 信息 [main] org.apache.catalina.core.AprLifecycleListener.initializeSSL OpenSSL成功初始化 [OpenSSL 3.0.11 19 Sep 2023]
10-Aug-2025 17:12:17.995 信息 [main] org.apache.coyote.AbstractProtocol.init 初始化协议处理器 ["http-nio-8080"]
10-Aug-2025 17:12:18.010 信息 [main] org.apache.catalina.startup.Catalina.load Initialization processed in 360 ms
10-Aug-2025 17:12:18.062 信息 [main] org.apache.catalina.core.StandardService.startInternal 正在启动服务[Catalina]
10-Aug-2025 17:12:18.062 信息 [main] org.apache.catalina.core.StandardEngine.startInternal 正在启动 Servlet 引擎：[Apache Tomcat/8.5.98]
10-Aug-2025 17:12:18.074 信息 [localhost-startStop-1] org.apache.catalina.startup.HostConfig.deployWAR 正在部署web应用程序存档文件[C:\Users\Administrator\Desktop\chenhaobisai\apache-tomcat-8.5.98\webapps\servers.war]
10-Aug-2025 17:12:19.249 信息 [localhost-startStop-1] org.apache.jasper.servlet.TldScanner.scanJars 至少有一个JAR被扫描用于TLD但尚未包含TLD。 为此记录器启用调试日志记录，以获取已扫描但未在其中找到TLD的完整JAR列表。 在扫描期间跳过不需要的JAR可以缩短启动时间和JSP编译时间。
10-Aug-2025 17:12:21.083 警告 [localhost-startStop-1] org.apache.catalina.util.SessionIdGeneratorBase.createSecureRandom 使用[SHA1PRNG]创建会话ID生成的SecureRandom实例花费了[113]毫秒。
10-Aug-2025 17:12:21.097 信息 [localhost-startStop-1] org.apache.catalina.startup.HostConfig.deployWAR web应用程序存档文件[C:\Users\Administrator\Desktop\chenhaobisai\apache-tomcat-8.5.98\webapps\servers.war]的部署已在[3,023]ms内完成
10-Aug-2025 17:12:21.098 信息 [localhost-startStop-1] org.apache.catalina.startup.HostConfig.deployDirectory 把web 应用程序部署到目录 [C:\Users\Administrator\Desktop\chenhaobisai\apache-tomcat-8.5.98\webapps\docs]
10-Aug-2025 17:12:21.110 信息 [localhost-startStop-1] org.apache.catalina.startup.HostConfig.deployDirectory Web应用程序目录[C:\Users\Administrator\Desktop\chenhaobisai\apache-tomcat-8.5.98\webapps\docs]的部署已在[12]毫秒内完成
10-Aug-2025 17:12:21.110 信息 [localhost-startStop-1] org.apache.catalina.startup.HostConfig.deployDirectory 把web 应用程序部署到目录 [C:\Users\Administrator\Desktop\chenhaobisai\apache-tomcat-8.5.98\webapps\examples]
10-Aug-2025 17:12:21.230 信息 [localhost-startStop-1] org.apache.catalina.startup.HostConfig.deployDirectory Web应用程序目录[C:\Users\Administrator\Desktop\chenhaobisai\apache-tomcat-8.5.98\webapps\examples]的部署已在[120]毫秒内完成
10-Aug-2025 17:12:21.230 信息 [localhost-startStop-1] org.apache.catalina.startup.HostConfig.deployDirectory 把web 应用程序部署到目录 [C:\Users\Administrator\Desktop\chenhaobisai\apache-tomcat-8.5.98\webapps\host-manager]
10-Aug-2025 17:12:21.246 信息 [localhost-startStop-1] org.apache.catalina.startup.HostConfig.deployDirectory Web应用程序目录[C:\Users\Administrator\Desktop\chenhaobisai\apache-tomcat-8.5.98\webapps\host-manager]的部署已在[16]毫秒内完成
10-Aug-2025 17:12:21.247 信息 [localhost-startStop-1] org.apache.catalina.startup.HostConfig.deployDirectory 把web 应用程序部署到目录 [C:\Users\Administrator\Desktop\chenhaobisai\apache-tomcat-8.5.98\webapps\manager]
10-Aug-2025 17:12:21.258 信息 [localhost-startStop-1] org.apache.catalina.startup.HostConfig.deployDirectory Web应用程序目录[C:\Users\Administrator\Desktop\chenhaobisai\apache-tomcat-8.5.98\webapps\manager]的部署已在[11]毫秒内完成
10-Aug-2025 17:12:21.259 信息 [localhost-startStop-1] org.apache.catalina.startup.HostConfig.deployDirectory 把web 应用程序部署到目录 [C:\Users\Administrator\Desktop\chenhaobisai\apache-tomcat-8.5.98\webapps\ROOT]
10-Aug-2025 17:12:21.269 信息 [localhost-startStop-1] org.apache.catalina.startup.HostConfig.deployDirectory Web应用程序目录[C:\Users\Administrator\Desktop\chenhaobisai\apache-tomcat-8.5.98\webapps\ROOT]的部署已在[10]毫秒内完成
10-Aug-2025 17:12:21.271 信息 [main] org.apache.coyote.AbstractProtocol.start 开始协议处理句柄["http-nio-8080"]
10-Aug-2025 17:12:21.281 信息 [main] org.apache.catalina.startup.Catalina.start Server startup in 3270 ms
10-Aug-2025 17:31:31.973 信息 [main] org.apache.catalina.startup.VersionLoggerListener.log Server.服务器版本: Apache Tomcat/8.5.98
10-Aug-2025 17:31:31.975 信息 [main] org.apache.catalina.startup.VersionLoggerListener.log 服务器构建:        Jan 5 2024 15:56:27 UTC
10-Aug-2025 17:31:31.977 信息 [main] org.apache.catalina.startup.VersionLoggerListener.log 服务器版本号:      8.5.98.0
10-Aug-2025 17:31:31.977 信息 [main] org.apache.catalina.startup.VersionLoggerListener.log 操作系统名称:      Windows 10
10-Aug-2025 17:31:31.977 信息 [main] org.apache.catalina.startup.VersionLoggerListener.log OS.版本:           10.0
10-Aug-2025 17:31:31.977 信息 [main] org.apache.catalina.startup.VersionLoggerListener.log 架构:              amd64
10-Aug-2025 17:31:31.977 信息 [main] org.apache.catalina.startup.VersionLoggerListener.log Java 环境变量:     C:\Users\Administrator\Desktop\chenhaobisai\apache-tomcat-8.5.98\bin\Java\jdk-1.8\jre
10-Aug-2025 17:31:31.978 信息 [main] org.apache.catalina.startup.VersionLoggerListener.log Java虚拟机版本:    1.8.0_401-b10
10-Aug-2025 17:31:31.978 信息 [main] org.apache.catalina.startup.VersionLoggerListener.log JVM.供应商:        Oracle Corporation
10-Aug-2025 17:31:31.978 信息 [main] org.apache.catalina.startup.VersionLoggerListener.log CATALINA_BASE:     C:\Users\Administrator\Desktop\chenhaobisai\apache-tomcat-8.5.98
10-Aug-2025 17:31:31.978 信息 [main] org.apache.catalina.startup.VersionLoggerListener.log CATALINA_HOME:     C:\Users\Administrator\Desktop\chenhaobisai\apache-tomcat-8.5.98
10-Aug-2025 17:31:31.978 信息 [main] org.apache.catalina.startup.VersionLoggerListener.log 命令行参数：       -Djava.util.logging.config.file=C:\Users\Administrator\Desktop\chenhaobisai\apache-tomcat-8.5.98\conf\logging.properties
10-Aug-2025 17:31:31.979 信息 [main] org.apache.catalina.startup.VersionLoggerListener.log 命令行参数：       -Djava.util.logging.manager=org.apache.juli.ClassLoaderLogManager
10-Aug-2025 17:31:31.979 信息 [main] org.apache.catalina.startup.VersionLoggerListener.log 命令行参数：       -Djdk.tls.ephemeralDHKeySize=2048
10-Aug-2025 17:31:31.979 信息 [main] org.apache.catalina.startup.VersionLoggerListener.log 命令行参数：       -Djava.protocol.handler.pkgs=org.apache.catalina.webresources
10-Aug-2025 17:31:31.979 信息 [main] org.apache.catalina.startup.VersionLoggerListener.log 命令行参数：       -Dignore.endorsed.dirs=
10-Aug-2025 17:31:31.980 信息 [main] org.apache.catalina.startup.VersionLoggerListener.log 命令行参数：       -Dcatalina.base=C:\Users\Administrator\Desktop\chenhaobisai\apache-tomcat-8.5.98
10-Aug-2025 17:31:31.980 信息 [main] org.apache.catalina.startup.VersionLoggerListener.log 命令行参数：       -Dcatalina.home=C:\Users\Administrator\Desktop\chenhaobisai\apache-tomcat-8.5.98
10-Aug-2025 17:31:31.980 信息 [main] org.apache.catalina.startup.VersionLoggerListener.log 命令行参数：       -Djava.io.tmpdir=C:\Users\Administrator\Desktop\chenhaobisai\apache-tomcat-8.5.98\temp
10-Aug-2025 17:31:31.981 信息 [main] org.apache.catalina.core.AprLifecycleListener.lifecycleEvent 使用APR版本[1.7.4]加载了基于APR的Apache Tomcat本机库[1.2.39]。
10-Aug-2025 17:31:31.981 信息 [main] org.apache.catalina.core.AprLifecycleListener.lifecycleEvent APR功能：IPv6[true]、sendfile[true]、accept filters[false]、random[true]、UDS [{4}]。
10-Aug-2025 17:31:31.981 信息 [main] org.apache.catalina.core.AprLifecycleListener.lifecycleEvent APR/OpenSSL配置：useAprConnector[false]，useOpenSSL[true]
10-Aug-2025 17:31:31.985 信息 [main] org.apache.catalina.core.AprLifecycleListener.initializeSSL OpenSSL成功初始化 [OpenSSL 3.0.11 19 Sep 2023]
10-Aug-2025 17:31:32.078 信息 [main] org.apache.coyote.AbstractProtocol.init 初始化协议处理器 ["http-nio-8080"]
10-Aug-2025 17:31:32.092 信息 [main] org.apache.catalina.startup.Catalina.load Initialization processed in 350 ms
10-Aug-2025 17:31:32.140 信息 [main] org.apache.catalina.core.StandardService.startInternal 正在启动服务[Catalina]
10-Aug-2025 17:31:32.140 信息 [main] org.apache.catalina.core.StandardEngine.startInternal 正在启动 Servlet 引擎：[Apache Tomcat/8.5.98]
10-Aug-2025 17:31:32.156 信息 [localhost-startStop-1] org.apache.catalina.startup.HostConfig.deployWAR 正在部署web应用程序存档文件[C:\Users\Administrator\Desktop\chenhaobisai\apache-tomcat-8.5.98\webapps\servers.war]
10-Aug-2025 17:31:33.359 信息 [localhost-startStop-1] org.apache.jasper.servlet.TldScanner.scanJars 至少有一个JAR被扫描用于TLD但尚未包含TLD。 为此记录器启用调试日志记录，以获取已扫描但未在其中找到TLD的完整JAR列表。 在扫描期间跳过不需要的JAR可以缩短启动时间和JSP编译时间。
10-Aug-2025 17:31:35.156 警告 [localhost-startStop-1] org.apache.catalina.util.SessionIdGeneratorBase.createSecureRandom 使用[SHA1PRNG]创建会话ID生成的SecureRandom实例花费了[141]毫秒。
10-Aug-2025 17:31:35.169 信息 [localhost-startStop-1] org.apache.catalina.startup.HostConfig.deployWAR web应用程序存档文件[C:\Users\Administrator\Desktop\chenhaobisai\apache-tomcat-8.5.98\webapps\servers.war]的部署已在[3,013]ms内完成
10-Aug-2025 17:31:35.170 信息 [localhost-startStop-1] org.apache.catalina.startup.HostConfig.deployDirectory 把web 应用程序部署到目录 [C:\Users\Administrator\Desktop\chenhaobisai\apache-tomcat-8.5.98\webapps\docs]
10-Aug-2025 17:31:35.184 信息 [localhost-startStop-1] org.apache.catalina.startup.HostConfig.deployDirectory Web应用程序目录[C:\Users\Administrator\Desktop\chenhaobisai\apache-tomcat-8.5.98\webapps\docs]的部署已在[14]毫秒内完成
10-Aug-2025 17:31:35.184 信息 [localhost-startStop-1] org.apache.catalina.startup.HostConfig.deployDirectory 把web 应用程序部署到目录 [C:\Users\Administrator\Desktop\chenhaobisai\apache-tomcat-8.5.98\webapps\examples]
10-Aug-2025 17:31:35.325 信息 [localhost-startStop-1] org.apache.catalina.startup.HostConfig.deployDirectory Web应用程序目录[C:\Users\Administrator\Desktop\chenhaobisai\apache-tomcat-8.5.98\webapps\examples]的部署已在[141]毫秒内完成
10-Aug-2025 17:31:35.325 信息 [localhost-startStop-1] org.apache.catalina.startup.HostConfig.deployDirectory 把web 应用程序部署到目录 [C:\Users\Administrator\Desktop\chenhaobisai\apache-tomcat-8.5.98\webapps\host-manager]
10-Aug-2025 17:31:35.345 信息 [localhost-startStop-1] org.apache.catalina.startup.HostConfig.deployDirectory Web应用程序目录[C:\Users\Administrator\Desktop\chenhaobisai\apache-tomcat-8.5.98\webapps\host-manager]的部署已在[19]毫秒内完成
10-Aug-2025 17:31:35.345 信息 [localhost-startStop-1] org.apache.catalina.startup.HostConfig.deployDirectory 把web 应用程序部署到目录 [C:\Users\Administrator\Desktop\chenhaobisai\apache-tomcat-8.5.98\webapps\manager]
10-Aug-2025 17:31:35.362 信息 [localhost-startStop-1] org.apache.catalina.startup.HostConfig.deployDirectory Web应用程序目录[C:\Users\Administrator\Desktop\chenhaobisai\apache-tomcat-8.5.98\webapps\manager]的部署已在[16]毫秒内完成
10-Aug-2025 17:31:35.362 信息 [localhost-startStop-1] org.apache.catalina.startup.HostConfig.deployDirectory 把web 应用程序部署到目录 [C:\Users\Administrator\Desktop\chenhaobisai\apache-tomcat-8.5.98\webapps\ROOT]
10-Aug-2025 17:31:35.382 信息 [localhost-startStop-1] org.apache.catalina.startup.HostConfig.deployDirectory Web应用程序目录[C:\Users\Administrator\Desktop\chenhaobisai\apache-tomcat-8.5.98\webapps\ROOT]的部署已在[20]毫秒内完成
10-Aug-2025 17:31:35.385 信息 [main] org.apache.coyote.AbstractProtocol.start 开始协议处理句柄["http-nio-8080"]
10-Aug-2025 17:31:35.399 信息 [main] org.apache.catalina.startup.Catalina.start Server startup in 3306 ms
10-Aug-2025 17:43:04.165 信息 [main] org.apache.catalina.startup.VersionLoggerListener.log Server.服务器版本: Apache Tomcat/8.5.98
10-Aug-2025 17:43:04.167 信息 [main] org.apache.catalina.startup.VersionLoggerListener.log 服务器构建:        Jan 5 2024 15:56:27 UTC
10-Aug-2025 17:43:04.169 信息 [main] org.apache.catalina.startup.VersionLoggerListener.log 服务器版本号:      8.5.98.0
10-Aug-2025 17:43:04.169 信息 [main] org.apache.catalina.startup.VersionLoggerListener.log 操作系统名称:      Windows 10
10-Aug-2025 17:43:04.169 信息 [main] org.apache.catalina.startup.VersionLoggerListener.log OS.版本:           10.0
10-Aug-2025 17:43:04.169 信息 [main] org.apache.catalina.startup.VersionLoggerListener.log 架构:              amd64
10-Aug-2025 17:43:04.169 信息 [main] org.apache.catalina.startup.VersionLoggerListener.log Java 环境变量:     C:\Users\Administrator\Desktop\chenhaobisai\apache-tomcat-8.5.98\bin\Java\jdk-1.8\jre
10-Aug-2025 17:43:04.169 信息 [main] org.apache.catalina.startup.VersionLoggerListener.log Java虚拟机版本:    1.8.0_401-b10
10-Aug-2025 17:43:04.170 信息 [main] org.apache.catalina.startup.VersionLoggerListener.log JVM.供应商:        Oracle Corporation
10-Aug-2025 17:43:04.170 信息 [main] org.apache.catalina.startup.VersionLoggerListener.log CATALINA_BASE:     C:\Users\Administrator\Desktop\chenhaobisai\apache-tomcat-8.5.98
10-Aug-2025 17:43:04.170 信息 [main] org.apache.catalina.startup.VersionLoggerListener.log CATALINA_HOME:     C:\Users\Administrator\Desktop\chenhaobisai\apache-tomcat-8.5.98
10-Aug-2025 17:43:04.170 信息 [main] org.apache.catalina.startup.VersionLoggerListener.log 命令行参数：       -Djava.util.logging.config.file=C:\Users\Administrator\Desktop\chenhaobisai\apache-tomcat-8.5.98\conf\logging.properties
10-Aug-2025 17:43:04.170 信息 [main] org.apache.catalina.startup.VersionLoggerListener.log 命令行参数：       -Djava.util.logging.manager=org.apache.juli.ClassLoaderLogManager
10-Aug-2025 17:43:04.170 信息 [main] org.apache.catalina.startup.VersionLoggerListener.log 命令行参数：       -Djdk.tls.ephemeralDHKeySize=2048
10-Aug-2025 17:43:04.171 信息 [main] org.apache.catalina.startup.VersionLoggerListener.log 命令行参数：       -Djava.protocol.handler.pkgs=org.apache.catalina.webresources
10-Aug-2025 17:43:04.171 信息 [main] org.apache.catalina.startup.VersionLoggerListener.log 命令行参数：       -Dignore.endorsed.dirs=
10-Aug-2025 17:43:04.172 信息 [main] org.apache.catalina.startup.VersionLoggerListener.log 命令行参数：       -Dcatalina.base=C:\Users\Administrator\Desktop\chenhaobisai\apache-tomcat-8.5.98
10-Aug-2025 17:43:04.172 信息 [main] org.apache.catalina.startup.VersionLoggerListener.log 命令行参数：       -Dcatalina.home=C:\Users\Administrator\Desktop\chenhaobisai\apache-tomcat-8.5.98
10-Aug-2025 17:43:04.172 信息 [main] org.apache.catalina.startup.VersionLoggerListener.log 命令行参数：       -Djava.io.tmpdir=C:\Users\Administrator\Desktop\chenhaobisai\apache-tomcat-8.5.98\temp
10-Aug-2025 17:43:04.172 信息 [main] org.apache.catalina.core.AprLifecycleListener.lifecycleEvent 使用APR版本[1.7.4]加载了基于APR的Apache Tomcat本机库[1.2.39]。
10-Aug-2025 17:43:04.173 信息 [main] org.apache.catalina.core.AprLifecycleListener.lifecycleEvent APR功能：IPv6[true]、sendfile[true]、accept filters[false]、random[true]、UDS [{4}]。
10-Aug-2025 17:43:04.173 信息 [main] org.apache.catalina.core.AprLifecycleListener.lifecycleEvent APR/OpenSSL配置：useAprConnector[false]，useOpenSSL[true]
10-Aug-2025 17:43:04.176 信息 [main] org.apache.catalina.core.AprLifecycleListener.initializeSSL OpenSSL成功初始化 [OpenSSL 3.0.11 19 Sep 2023]
10-Aug-2025 17:43:04.286 信息 [main] org.apache.coyote.AbstractProtocol.init 初始化协议处理器 ["http-nio-8080"]
10-Aug-2025 17:43:04.301 信息 [main] org.apache.catalina.startup.Catalina.load Initialization processed in 360 ms
10-Aug-2025 17:43:04.349 信息 [main] org.apache.catalina.core.StandardService.startInternal 正在启动服务[Catalina]
10-Aug-2025 17:43:04.350 信息 [main] org.apache.catalina.core.StandardEngine.startInternal 正在启动 Servlet 引擎：[Apache Tomcat/8.5.98]
10-Aug-2025 17:43:04.361 信息 [localhost-startStop-1] org.apache.catalina.startup.HostConfig.deployWAR 正在部署web应用程序存档文件[C:\Users\Administrator\Desktop\chenhaobisai\apache-tomcat-8.5.98\webapps\servers.war]
10-Aug-2025 17:43:05.488 信息 [localhost-startStop-1] org.apache.jasper.servlet.TldScanner.scanJars 至少有一个JAR被扫描用于TLD但尚未包含TLD。 为此记录器启用调试日志记录，以获取已扫描但未在其中找到TLD的完整JAR列表。 在扫描期间跳过不需要的JAR可以缩短启动时间和JSP编译时间。
10-Aug-2025 17:43:07.303 警告 [localhost-startStop-1] org.apache.catalina.util.SessionIdGeneratorBase.createSecureRandom 使用[SHA1PRNG]创建会话ID生成的SecureRandom实例花费了[125]毫秒。
10-Aug-2025 17:43:07.323 信息 [localhost-startStop-1] org.apache.catalina.startup.HostConfig.deployWAR web应用程序存档文件[C:\Users\Administrator\Desktop\chenhaobisai\apache-tomcat-8.5.98\webapps\servers.war]的部署已在[2,961]ms内完成
10-Aug-2025 17:43:07.323 信息 [localhost-startStop-1] org.apache.catalina.startup.HostConfig.deployDirectory 把web 应用程序部署到目录 [C:\Users\Administrator\Desktop\chenhaobisai\apache-tomcat-8.5.98\webapps\docs]
10-Aug-2025 17:43:07.338 信息 [localhost-startStop-1] org.apache.catalina.startup.HostConfig.deployDirectory Web应用程序目录[C:\Users\Administrator\Desktop\chenhaobisai\apache-tomcat-8.5.98\webapps\docs]的部署已在[15]毫秒内完成
10-Aug-2025 17:43:07.338 信息 [localhost-startStop-1] org.apache.catalina.startup.HostConfig.deployDirectory 把web 应用程序部署到目录 [C:\Users\Administrator\Desktop\chenhaobisai\apache-tomcat-8.5.98\webapps\examples]
10-Aug-2025 17:43:07.483 信息 [localhost-startStop-1] org.apache.catalina.startup.HostConfig.deployDirectory Web应用程序目录[C:\Users\Administrator\Desktop\chenhaobisai\apache-tomcat-8.5.98\webapps\examples]的部署已在[145]毫秒内完成
10-Aug-2025 17:43:07.484 信息 [localhost-startStop-1] org.apache.catalina.startup.HostConfig.deployDirectory 把web 应用程序部署到目录 [C:\Users\Administrator\Desktop\chenhaobisai\apache-tomcat-8.5.98\webapps\host-manager]
10-Aug-2025 17:43:07.502 信息 [localhost-startStop-1] org.apache.catalina.startup.HostConfig.deployDirectory Web应用程序目录[C:\Users\Administrator\Desktop\chenhaobisai\apache-tomcat-8.5.98\webapps\host-manager]的部署已在[19]毫秒内完成
10-Aug-2025 17:43:07.502 信息 [localhost-startStop-1] org.apache.catalina.startup.HostConfig.deployDirectory 把web 应用程序部署到目录 [C:\Users\Administrator\Desktop\chenhaobisai\apache-tomcat-8.5.98\webapps\manager]
10-Aug-2025 17:43:07.520 信息 [localhost-startStop-1] org.apache.catalina.startup.HostConfig.deployDirectory Web应用程序目录[C:\Users\Administrator\Desktop\chenhaobisai\apache-tomcat-8.5.98\webapps\manager]的部署已在[18]毫秒内完成
10-Aug-2025 17:43:07.520 信息 [localhost-startStop-1] org.apache.catalina.startup.HostConfig.deployDirectory 把web 应用程序部署到目录 [C:\Users\Administrator\Desktop\chenhaobisai\apache-tomcat-8.5.98\webapps\ROOT]
10-Aug-2025 17:43:07.533 信息 [localhost-startStop-1] org.apache.catalina.startup.HostConfig.deployDirectory Web应用程序目录[C:\Users\Administrator\Desktop\chenhaobisai\apache-tomcat-8.5.98\webapps\ROOT]的部署已在[13]毫秒内完成
10-Aug-2025 17:43:07.536 信息 [main] org.apache.coyote.AbstractProtocol.start 开始协议处理句柄["http-nio-8080"]
10-Aug-2025 17:43:07.549 信息 [main] org.apache.catalina.startup.Catalina.start Server startup in 3246 ms
