30-Jan-2024 09:31:06.306 信息 [main] org.apache.catalina.startup.VersionLoggerListener.log Server.服务器版本: Apache Tomcat/8.5.98
30-Jan-2024 09:31:06.313 信息 [main] org.apache.catalina.startup.VersionLoggerListener.log 服务器构建:        Jan 5 2024 15:56:27 UTC
30-Jan-2024 09:31:06.314 信息 [main] org.apache.catalina.startup.VersionLoggerListener.log 服务器版本号:      8.5.98.0
30-Jan-2024 09:31:06.314 信息 [main] org.apache.catalina.startup.VersionLoggerListener.log 操作系统名称:      Windows 11
30-Jan-2024 09:31:06.314 信息 [main] org.apache.catalina.startup.VersionLoggerListener.log OS.版本:           10.0
30-Jan-2024 09:31:06.315 信息 [main] org.apache.catalina.startup.VersionLoggerListener.log 架构:              amd64
30-Jan-2024 09:31:06.315 信息 [main] org.apache.catalina.startup.VersionLoggerListener.log Java 环境变量:     C:\Program Files\Java\jdk-1.8\jre
30-Jan-2024 09:31:06.315 信息 [main] org.apache.catalina.startup.VersionLoggerListener.log Java虚拟机版本:    1.8.0_401-b10
30-Jan-2024 09:31:06.315 信息 [main] org.apache.catalina.startup.VersionLoggerListener.log JVM.供应商:        Oracle Corporation
30-Jan-2024 09:31:06.316 信息 [main] org.apache.catalina.startup.VersionLoggerListener.log CATALINA_BASE:     D:\auv_modes\apache-tomcat-8.5.98-windows-x64\apache-tomcat-8.5.98
30-Jan-2024 09:31:06.316 信息 [main] org.apache.catalina.startup.VersionLoggerListener.log CATALINA_HOME:     D:\auv_modes\apache-tomcat-8.5.98-windows-x64\apache-tomcat-8.5.98
30-Jan-2024 09:31:06.316 信息 [main] org.apache.catalina.startup.VersionLoggerListener.log 命令行参数：       -Djava.util.logging.config.file=D:\auv_modes\apache-tomcat-8.5.98-windows-x64\apache-tomcat-8.5.98\conf\logging.properties
30-Jan-2024 09:31:06.317 信息 [main] org.apache.catalina.startup.VersionLoggerListener.log 命令行参数：       -Djava.util.logging.manager=org.apache.juli.ClassLoaderLogManager
30-Jan-2024 09:31:06.317 信息 [main] org.apache.catalina.startup.VersionLoggerListener.log 命令行参数：       -Djdk.tls.ephemeralDHKeySize=2048
30-Jan-2024 09:31:06.318 信息 [main] org.apache.catalina.startup.VersionLoggerListener.log 命令行参数：       -Djava.protocol.handler.pkgs=org.apache.catalina.webresources
30-Jan-2024 09:31:06.318 信息 [main] org.apache.catalina.startup.VersionLoggerListener.log 命令行参数：       -Dignore.endorsed.dirs=
30-Jan-2024 09:31:06.318 信息 [main] org.apache.catalina.startup.VersionLoggerListener.log 命令行参数：       -Dcatalina.base=D:\auv_modes\apache-tomcat-8.5.98-windows-x64\apache-tomcat-8.5.98
30-Jan-2024 09:31:06.318 信息 [main] org.apache.catalina.startup.VersionLoggerListener.log 命令行参数：       -Dcatalina.home=D:\auv_modes\apache-tomcat-8.5.98-windows-x64\apache-tomcat-8.5.98
30-Jan-2024 09:31:06.324 信息 [main] org.apache.catalina.startup.VersionLoggerListener.log 命令行参数：       -Djava.io.tmpdir=D:\auv_modes\apache-tomcat-8.5.98-windows-x64\apache-tomcat-8.5.98\temp
30-Jan-2024 09:31:06.324 信息 [main] org.apache.catalina.core.AprLifecycleListener.lifecycleEvent 使用APR版本[1.7.4]加载了基于APR的Apache Tomcat本机库[1.2.39]。
30-Jan-2024 09:31:06.325 信息 [main] org.apache.catalina.core.AprLifecycleListener.lifecycleEvent APR功能：IPv6[true]、sendfile[true]、accept filters[false]、random[true]、UDS [{4}]。
30-Jan-2024 09:31:06.325 信息 [main] org.apache.catalina.core.AprLifecycleListener.lifecycleEvent APR/OpenSSL配置：useAprConnector[false]，useOpenSSL[true]
30-Jan-2024 09:31:06.341 信息 [main] org.apache.catalina.core.AprLifecycleListener.initializeSSL OpenSSL成功初始化 [OpenSSL 3.0.11 19 Sep 2023]
30-Jan-2024 09:31:06.583 信息 [main] org.apache.coyote.AbstractProtocol.init 初始化协议处理器 ["http-nio-8080"]
30-Jan-2024 09:31:06.599 严重 [main] org.apache.catalina.core.StandardService.initInternal Failed to initialize connector [Connector["http-nio-8080"]]
	org.apache.catalina.LifecycleException: 协议处理程序初始化失败
		at org.apache.catalina.connector.Connector.initInternal(Connector.java:1075)
		at org.apache.catalina.util.LifecycleBase.init(LifecycleBase.java:127)
		at org.apache.catalina.core.StandardService.initInternal(StandardService.java:564)
		at org.apache.catalina.util.LifecycleBase.init(LifecycleBase.java:127)
		at org.apache.catalina.core.StandardServer.initInternal(StandardServer.java:854)
		at org.apache.catalina.util.LifecycleBase.init(LifecycleBase.java:127)
		at org.apache.catalina.startup.Catalina.load(Catalina.java:646)
		at org.apache.catalina.startup.Catalina.load(Catalina.java:669)
		at sun.reflect.NativeMethodAccessorImpl.invoke0(Native Method)
		at sun.reflect.NativeMethodAccessorImpl.invoke(NativeMethodAccessorImpl.java:62)
		at sun.reflect.DelegatingMethodAccessorImpl.invoke(DelegatingMethodAccessorImpl.java:43)
		at java.lang.reflect.Method.invoke(Method.java:498)
		at org.apache.catalina.startup.Bootstrap.load(Bootstrap.java:307)
		at org.apache.catalina.startup.Bootstrap.main(Bootstrap.java:477)
	Caused by: java.net.BindException: Address already in use: bind
		at sun.nio.ch.Net.bind0(Native Method)
		at sun.nio.ch.Net.bind(Net.java:438)
		at sun.nio.ch.Net.bind(Net.java:430)
		at sun.nio.ch.ServerSocketChannelImpl.bind(ServerSocketChannelImpl.java:225)
		at sun.nio.ch.ServerSocketAdaptor.bind(ServerSocketAdaptor.java:74)
		at org.apache.tomcat.util.net.NioEndpoint.initServerSocket(NioEndpoint.java:226)
		at org.apache.tomcat.util.net.NioEndpoint.bind(NioEndpoint.java:202)
		at org.apache.tomcat.util.net.AbstractEndpoint.bindWithCleanup(AbstractEndpoint.java:1326)
		at org.apache.tomcat.util.net.AbstractEndpoint.init(AbstractEndpoint.java:1339)
		at org.apache.tomcat.util.net.AbstractJsseEndpoint.init(AbstractJsseEndpoint.java:231)
		at org.apache.coyote.AbstractProtocol.init(AbstractProtocol.java:695)
		at org.apache.coyote.http11.AbstractHttp11Protocol.init(AbstractHttp11Protocol.java:76)
		at org.apache.catalina.connector.Connector.initInternal(Connector.java:1073)
		... 13 more
30-Jan-2024 09:31:06.601 信息 [main] org.apache.catalina.startup.Catalina.load Initialization processed in 802 ms
30-Jan-2024 09:31:06.707 信息 [main] org.apache.catalina.core.StandardService.startInternal 正在启动服务[Catalina]
30-Jan-2024 09:31:06.708 信息 [main] org.apache.catalina.core.StandardEngine.startInternal 正在启动 Servlet 引擎：[Apache Tomcat/8.5.98]
30-Jan-2024 09:31:06.724 信息 [localhost-startStop-1] org.apache.catalina.startup.HostConfig.deployDirectory 把web 应用程序部署到目录 [D:\auv_modes\apache-tomcat-8.5.98-windows-x64\apache-tomcat-8.5.98\webapps\docs]
30-Jan-2024 09:31:07.354 警告 [localhost-startStop-1] org.apache.catalina.util.SessionIdGeneratorBase.createSecureRandom 使用[SHA1PRNG]创建会话ID生成的SecureRandom实例花费了[396]毫秒。
30-Jan-2024 09:31:07.386 信息 [localhost-startStop-1] org.apache.catalina.startup.HostConfig.deployDirectory Web应用程序目录[D:\auv_modes\apache-tomcat-8.5.98-windows-x64\apache-tomcat-8.5.98\webapps\docs]的部署已在[663]毫秒内完成
30-Jan-2024 09:31:07.386 信息 [localhost-startStop-1] org.apache.catalina.startup.HostConfig.deployDirectory 把web 应用程序部署到目录 [D:\auv_modes\apache-tomcat-8.5.98-windows-x64\apache-tomcat-8.5.98\webapps\examples]
30-Jan-2024 09:31:07.739 信息 [localhost-startStop-1] org.apache.catalina.startup.HostConfig.deployDirectory Web应用程序目录[D:\auv_modes\apache-tomcat-8.5.98-windows-x64\apache-tomcat-8.5.98\webapps\examples]的部署已在[353]毫秒内完成
30-Jan-2024 09:31:07.740 信息 [localhost-startStop-1] org.apache.catalina.startup.HostConfig.deployDirectory 把web 应用程序部署到目录 [D:\auv_modes\apache-tomcat-8.5.98-windows-x64\apache-tomcat-8.5.98\webapps\host-manager]
30-Jan-2024 09:31:07.771 信息 [localhost-startStop-1] org.apache.catalina.startup.HostConfig.deployDirectory Web应用程序目录[D:\auv_modes\apache-tomcat-8.5.98-windows-x64\apache-tomcat-8.5.98\webapps\host-manager]的部署已在[31]毫秒内完成
30-Jan-2024 09:31:07.771 信息 [localhost-startStop-1] org.apache.catalina.startup.HostConfig.deployDirectory 把web 应用程序部署到目录 [D:\auv_modes\apache-tomcat-8.5.98-windows-x64\apache-tomcat-8.5.98\webapps\manager]
30-Jan-2024 09:31:07.796 信息 [localhost-startStop-1] org.apache.catalina.startup.HostConfig.deployDirectory Web应用程序目录[D:\auv_modes\apache-tomcat-8.5.98-windows-x64\apache-tomcat-8.5.98\webapps\manager]的部署已在[24]毫秒内完成
30-Jan-2024 09:31:07.796 信息 [localhost-startStop-1] org.apache.catalina.startup.HostConfig.deployDirectory 把web 应用程序部署到目录 [D:\auv_modes\apache-tomcat-8.5.98-windows-x64\apache-tomcat-8.5.98\webapps\ROOT]
30-Jan-2024 09:31:07.808 信息 [localhost-startStop-1] org.apache.catalina.startup.HostConfig.deployDirectory Web应用程序目录[D:\auv_modes\apache-tomcat-8.5.98-windows-x64\apache-tomcat-8.5.98\webapps\ROOT]的部署已在[12]毫秒内完成
30-Jan-2024 09:31:07.811 信息 [main] org.apache.catalina.startup.Catalina.start Server startup in 1209 ms
30-Jan-2024 09:31:52.547 信息 [Thread-2] org.apache.coyote.AbstractProtocol.pause 暂停ProtocolHandler["http-nio-8080"]
30-Jan-2024 09:31:52.548 信息 [Thread-2] org.apache.catalina.core.StandardService.stopInternal 正在停止服务[Catalina]
30-Jan-2024 09:31:52.574 信息 [Thread-2] org.apache.coyote.AbstractProtocol.stop 正在停止ProtocolHandler ["http-nio-8080"]
30-Jan-2024 09:31:52.576 信息 [Thread-2] org.apache.coyote.AbstractProtocol.destroy 正在摧毁协议处理器 ["http-nio-8080"]
30-Jan-2024 09:33:26.321 信息 [main] org.apache.catalina.startup.VersionLoggerListener.log Server.服务器版本: Apache Tomcat/8.5.98
30-Jan-2024 09:33:26.325 信息 [main] org.apache.catalina.startup.VersionLoggerListener.log 服务器构建:        Jan 5 2024 15:56:27 UTC
30-Jan-2024 09:33:26.325 信息 [main] org.apache.catalina.startup.VersionLoggerListener.log 服务器版本号:      8.5.98.0
30-Jan-2024 09:33:26.325 信息 [main] org.apache.catalina.startup.VersionLoggerListener.log 操作系统名称:      Windows 11
30-Jan-2024 09:33:26.325 信息 [main] org.apache.catalina.startup.VersionLoggerListener.log OS.版本:           10.0
30-Jan-2024 09:33:26.325 信息 [main] org.apache.catalina.startup.VersionLoggerListener.log 架构:              amd64
30-Jan-2024 09:33:26.325 信息 [main] org.apache.catalina.startup.VersionLoggerListener.log Java 环境变量:     C:\Program Files\Java\jdk-1.8\jre
30-Jan-2024 09:33:26.325 信息 [main] org.apache.catalina.startup.VersionLoggerListener.log Java虚拟机版本:    1.8.0_401-b10
30-Jan-2024 09:33:26.325 信息 [main] org.apache.catalina.startup.VersionLoggerListener.log JVM.供应商:        Oracle Corporation
30-Jan-2024 09:33:26.326 信息 [main] org.apache.catalina.startup.VersionLoggerListener.log CATALINA_BASE:     D:\auv_modes\apache-tomcat-8.5.98-windows-x64\apache-tomcat-8.5.98
30-Jan-2024 09:33:26.326 信息 [main] org.apache.catalina.startup.VersionLoggerListener.log CATALINA_HOME:     D:\auv_modes\apache-tomcat-8.5.98-windows-x64\apache-tomcat-8.5.98
30-Jan-2024 09:33:26.326 信息 [main] org.apache.catalina.startup.VersionLoggerListener.log 命令行参数：       -Djava.util.logging.config.file=D:\auv_modes\apache-tomcat-8.5.98-windows-x64\apache-tomcat-8.5.98\conf\logging.properties
30-Jan-2024 09:33:26.326 信息 [main] org.apache.catalina.startup.VersionLoggerListener.log 命令行参数：       -Djava.util.logging.manager=org.apache.juli.ClassLoaderLogManager
30-Jan-2024 09:33:26.326 信息 [main] org.apache.catalina.startup.VersionLoggerListener.log 命令行参数：       -Djdk.tls.ephemeralDHKeySize=2048
30-Jan-2024 09:33:26.326 信息 [main] org.apache.catalina.startup.VersionLoggerListener.log 命令行参数：       -Djava.protocol.handler.pkgs=org.apache.catalina.webresources
30-Jan-2024 09:33:26.327 信息 [main] org.apache.catalina.startup.VersionLoggerListener.log 命令行参数：       -Dignore.endorsed.dirs=
30-Jan-2024 09:33:26.327 信息 [main] org.apache.catalina.startup.VersionLoggerListener.log 命令行参数：       -Dcatalina.base=D:\auv_modes\apache-tomcat-8.5.98-windows-x64\apache-tomcat-8.5.98
30-Jan-2024 09:33:26.327 信息 [main] org.apache.catalina.startup.VersionLoggerListener.log 命令行参数：       -Dcatalina.home=D:\auv_modes\apache-tomcat-8.5.98-windows-x64\apache-tomcat-8.5.98
30-Jan-2024 09:33:26.327 信息 [main] org.apache.catalina.startup.VersionLoggerListener.log 命令行参数：       -Djava.io.tmpdir=D:\auv_modes\apache-tomcat-8.5.98-windows-x64\apache-tomcat-8.5.98\temp
30-Jan-2024 09:33:26.328 信息 [main] org.apache.catalina.core.AprLifecycleListener.lifecycleEvent 使用APR版本[1.7.4]加载了基于APR的Apache Tomcat本机库[1.2.39]。
30-Jan-2024 09:33:26.328 信息 [main] org.apache.catalina.core.AprLifecycleListener.lifecycleEvent APR功能：IPv6[true]、sendfile[true]、accept filters[false]、random[true]、UDS [{4}]。
30-Jan-2024 09:33:26.328 信息 [main] org.apache.catalina.core.AprLifecycleListener.lifecycleEvent APR/OpenSSL配置：useAprConnector[false]，useOpenSSL[true]
30-Jan-2024 09:33:26.344 信息 [main] org.apache.catalina.core.AprLifecycleListener.initializeSSL OpenSSL成功初始化 [OpenSSL 3.0.11 19 Sep 2023]
30-Jan-2024 09:33:26.488 信息 [main] org.apache.coyote.AbstractProtocol.init 初始化协议处理器 ["http-nio-8080"]
30-Jan-2024 09:33:26.504 信息 [main] org.apache.catalina.startup.Catalina.load Initialization processed in 493 ms
30-Jan-2024 09:33:26.567 信息 [main] org.apache.catalina.core.StandardService.startInternal 正在启动服务[Catalina]
30-Jan-2024 09:33:26.568 信息 [main] org.apache.catalina.core.StandardEngine.startInternal 正在启动 Servlet 引擎：[Apache Tomcat/8.5.98]
30-Jan-2024 09:33:26.575 信息 [localhost-startStop-1] org.apache.catalina.startup.HostConfig.deployDirectory 把web 应用程序部署到目录 [D:\auv_modes\apache-tomcat-8.5.98-windows-x64\apache-tomcat-8.5.98\webapps\docs]
30-Jan-2024 09:33:27.138 警告 [localhost-startStop-1] org.apache.catalina.util.SessionIdGeneratorBase.createSecureRandom 使用[SHA1PRNG]创建会话ID生成的SecureRandom实例花费了[387]毫秒。
30-Jan-2024 09:33:27.156 信息 [localhost-startStop-1] org.apache.catalina.startup.HostConfig.deployDirectory Web应用程序目录[D:\auv_modes\apache-tomcat-8.5.98-windows-x64\apache-tomcat-8.5.98\webapps\docs]的部署已在[581]毫秒内完成
30-Jan-2024 09:33:27.156 信息 [localhost-startStop-1] org.apache.catalina.startup.HostConfig.deployDirectory 把web 应用程序部署到目录 [D:\auv_modes\apache-tomcat-8.5.98-windows-x64\apache-tomcat-8.5.98\webapps\examples]
30-Jan-2024 09:33:27.342 信息 [localhost-startStop-1] org.apache.catalina.startup.HostConfig.deployDirectory Web应用程序目录[D:\auv_modes\apache-tomcat-8.5.98-windows-x64\apache-tomcat-8.5.98\webapps\examples]的部署已在[186]毫秒内完成
30-Jan-2024 09:33:27.343 信息 [localhost-startStop-1] org.apache.catalina.startup.HostConfig.deployDirectory 把web 应用程序部署到目录 [D:\auv_modes\apache-tomcat-8.5.98-windows-x64\apache-tomcat-8.5.98\webapps\host-manager]
30-Jan-2024 09:33:27.360 信息 [localhost-startStop-1] org.apache.catalina.startup.HostConfig.deployDirectory Web应用程序目录[D:\auv_modes\apache-tomcat-8.5.98-windows-x64\apache-tomcat-8.5.98\webapps\host-manager]的部署已在[16]毫秒内完成
30-Jan-2024 09:33:27.360 信息 [localhost-startStop-1] org.apache.catalina.startup.HostConfig.deployDirectory 把web 应用程序部署到目录 [D:\auv_modes\apache-tomcat-8.5.98-windows-x64\apache-tomcat-8.5.98\webapps\manager]
30-Jan-2024 09:33:27.375 信息 [localhost-startStop-1] org.apache.catalina.startup.HostConfig.deployDirectory Web应用程序目录[D:\auv_modes\apache-tomcat-8.5.98-windows-x64\apache-tomcat-8.5.98\webapps\manager]的部署已在[15]毫秒内完成
30-Jan-2024 09:33:27.375 信息 [localhost-startStop-1] org.apache.catalina.startup.HostConfig.deployDirectory 把web 应用程序部署到目录 [D:\auv_modes\apache-tomcat-8.5.98-windows-x64\apache-tomcat-8.5.98\webapps\ROOT]
30-Jan-2024 09:33:27.387 信息 [localhost-startStop-1] org.apache.catalina.startup.HostConfig.deployDirectory Web应用程序目录[D:\auv_modes\apache-tomcat-8.5.98-windows-x64\apache-tomcat-8.5.98\webapps\ROOT]的部署已在[12]毫秒内完成
30-Jan-2024 09:33:27.391 信息 [main] org.apache.coyote.AbstractProtocol.start 开始协议处理句柄["http-nio-8080"]
30-Jan-2024 09:33:27.420 信息 [main] org.apache.catalina.startup.Catalina.start Server startup in 916 ms
30-Jan-2024 09:34:46.880 信息 [Thread-2] org.apache.coyote.AbstractProtocol.pause 暂停ProtocolHandler["http-nio-8080"]
30-Jan-2024 09:34:47.264 信息 [Thread-2] org.apache.catalina.core.StandardService.stopInternal 正在停止服务[Catalina]
30-Jan-2024 09:34:47.291 信息 [Thread-2] org.apache.coyote.AbstractProtocol.stop 正在停止ProtocolHandler ["http-nio-8080"]
30-Jan-2024 09:34:47.303 信息 [Thread-2] org.apache.coyote.AbstractProtocol.destroy 正在摧毁协议处理器 ["http-nio-8080"]
30-Jan-2024 09:35:26.314 信息 [main] org.apache.catalina.startup.VersionLoggerListener.log Server.服务器版本: Apache Tomcat/8.5.98
30-Jan-2024 09:35:26.341 信息 [main] org.apache.catalina.startup.VersionLoggerListener.log 服务器构建:        Jan 5 2024 15:56:27 UTC
30-Jan-2024 09:35:26.341 信息 [main] org.apache.catalina.startup.VersionLoggerListener.log 服务器版本号:      8.5.98.0
30-Jan-2024 09:35:26.341 信息 [main] org.apache.catalina.startup.VersionLoggerListener.log 操作系统名称:      Windows 11
30-Jan-2024 09:35:26.342 信息 [main] org.apache.catalina.startup.VersionLoggerListener.log OS.版本:           10.0
30-Jan-2024 09:35:26.342 信息 [main] org.apache.catalina.startup.VersionLoggerListener.log 架构:              amd64
30-Jan-2024 09:35:26.342 信息 [main] org.apache.catalina.startup.VersionLoggerListener.log Java 环境变量:     D:\auv_modes\apache-tomcat-8.5.98-windows-x64\apache-tomcat-8.5.98\bin\Java\jdk-1.8\jre
30-Jan-2024 09:35:26.342 信息 [main] org.apache.catalina.startup.VersionLoggerListener.log Java虚拟机版本:    1.8.0_401-b10
30-Jan-2024 09:35:26.342 信息 [main] org.apache.catalina.startup.VersionLoggerListener.log JVM.供应商:        Oracle Corporation
30-Jan-2024 09:35:26.342 信息 [main] org.apache.catalina.startup.VersionLoggerListener.log CATALINA_BASE:     D:\auv_modes\apache-tomcat-8.5.98-windows-x64\apache-tomcat-8.5.98
30-Jan-2024 09:35:26.343 信息 [main] org.apache.catalina.startup.VersionLoggerListener.log CATALINA_HOME:     D:\auv_modes\apache-tomcat-8.5.98-windows-x64\apache-tomcat-8.5.98
30-Jan-2024 09:35:26.343 信息 [main] org.apache.catalina.startup.VersionLoggerListener.log 命令行参数：       -Djava.util.logging.config.file=D:\auv_modes\apache-tomcat-8.5.98-windows-x64\apache-tomcat-8.5.98\conf\logging.properties
30-Jan-2024 09:35:26.343 信息 [main] org.apache.catalina.startup.VersionLoggerListener.log 命令行参数：       -Djava.util.logging.manager=org.apache.juli.ClassLoaderLogManager
30-Jan-2024 09:35:26.343 信息 [main] org.apache.catalina.startup.VersionLoggerListener.log 命令行参数：       -Djdk.tls.ephemeralDHKeySize=2048
30-Jan-2024 09:35:26.343 信息 [main] org.apache.catalina.startup.VersionLoggerListener.log 命令行参数：       -Djava.protocol.handler.pkgs=org.apache.catalina.webresources
30-Jan-2024 09:35:26.344 信息 [main] org.apache.catalina.startup.VersionLoggerListener.log 命令行参数：       -Dignore.endorsed.dirs=
30-Jan-2024 09:35:26.348 信息 [main] org.apache.catalina.startup.VersionLoggerListener.log 命令行参数：       -Dcatalina.base=D:\auv_modes\apache-tomcat-8.5.98-windows-x64\apache-tomcat-8.5.98
30-Jan-2024 09:35:26.349 信息 [main] org.apache.catalina.startup.VersionLoggerListener.log 命令行参数：       -Dcatalina.home=D:\auv_modes\apache-tomcat-8.5.98-windows-x64\apache-tomcat-8.5.98
30-Jan-2024 09:35:26.349 信息 [main] org.apache.catalina.startup.VersionLoggerListener.log 命令行参数：       -Djava.io.tmpdir=D:\auv_modes\apache-tomcat-8.5.98-windows-x64\apache-tomcat-8.5.98\temp
30-Jan-2024 09:35:26.349 信息 [main] org.apache.catalina.core.AprLifecycleListener.lifecycleEvent 使用APR版本[1.7.4]加载了基于APR的Apache Tomcat本机库[1.2.39]。
30-Jan-2024 09:35:26.349 信息 [main] org.apache.catalina.core.AprLifecycleListener.lifecycleEvent APR功能：IPv6[true]、sendfile[true]、accept filters[false]、random[true]、UDS [{4}]。
30-Jan-2024 09:35:26.350 信息 [main] org.apache.catalina.core.AprLifecycleListener.lifecycleEvent APR/OpenSSL配置：useAprConnector[false]，useOpenSSL[true]
30-Jan-2024 09:35:26.356 信息 [main] org.apache.catalina.core.AprLifecycleListener.initializeSSL OpenSSL成功初始化 [OpenSSL 3.0.11 19 Sep 2023]
30-Jan-2024 09:35:26.672 信息 [main] org.apache.coyote.AbstractProtocol.init 初始化协议处理器 ["http-nio-8080"]
30-Jan-2024 09:35:26.688 信息 [main] org.apache.catalina.startup.Catalina.load Initialization processed in 680 ms
30-Jan-2024 09:35:26.749 信息 [main] org.apache.catalina.core.StandardService.startInternal 正在启动服务[Catalina]
30-Jan-2024 09:35:26.750 信息 [main] org.apache.catalina.core.StandardEngine.startInternal 正在启动 Servlet 引擎：[Apache Tomcat/8.5.98]
30-Jan-2024 09:35:26.756 信息 [localhost-startStop-1] org.apache.catalina.startup.HostConfig.deployDirectory 把web 应用程序部署到目录 [D:\auv_modes\apache-tomcat-8.5.98-windows-x64\apache-tomcat-8.5.98\webapps\docs]
30-Jan-2024 09:35:27.320 警告 [localhost-startStop-1] org.apache.catalina.util.SessionIdGeneratorBase.createSecureRandom 使用[SHA1PRNG]创建会话ID生成的SecureRandom实例花费了[392]毫秒。
30-Jan-2024 09:35:27.337 信息 [localhost-startStop-1] org.apache.catalina.startup.HostConfig.deployDirectory Web应用程序目录[D:\auv_modes\apache-tomcat-8.5.98-windows-x64\apache-tomcat-8.5.98\webapps\docs]的部署已在[581]毫秒内完成
30-Jan-2024 09:35:27.337 信息 [localhost-startStop-1] org.apache.catalina.startup.HostConfig.deployDirectory 把web 应用程序部署到目录 [D:\auv_modes\apache-tomcat-8.5.98-windows-x64\apache-tomcat-8.5.98\webapps\examples]
30-Jan-2024 09:35:27.531 信息 [localhost-startStop-1] org.apache.catalina.startup.HostConfig.deployDirectory Web应用程序目录[D:\auv_modes\apache-tomcat-8.5.98-windows-x64\apache-tomcat-8.5.98\webapps\examples]的部署已在[194]毫秒内完成
30-Jan-2024 09:35:27.531 信息 [localhost-startStop-1] org.apache.catalina.startup.HostConfig.deployDirectory 把web 应用程序部署到目录 [D:\auv_modes\apache-tomcat-8.5.98-windows-x64\apache-tomcat-8.5.98\webapps\host-manager]
30-Jan-2024 09:35:27.548 信息 [localhost-startStop-1] org.apache.catalina.startup.HostConfig.deployDirectory Web应用程序目录[D:\auv_modes\apache-tomcat-8.5.98-windows-x64\apache-tomcat-8.5.98\webapps\host-manager]的部署已在[17]毫秒内完成
30-Jan-2024 09:35:27.548 信息 [localhost-startStop-1] org.apache.catalina.startup.HostConfig.deployDirectory 把web 应用程序部署到目录 [D:\auv_modes\apache-tomcat-8.5.98-windows-x64\apache-tomcat-8.5.98\webapps\manager]
30-Jan-2024 09:35:27.563 信息 [localhost-startStop-1] org.apache.catalina.startup.HostConfig.deployDirectory Web应用程序目录[D:\auv_modes\apache-tomcat-8.5.98-windows-x64\apache-tomcat-8.5.98\webapps\manager]的部署已在[15]毫秒内完成
30-Jan-2024 09:35:27.563 信息 [localhost-startStop-1] org.apache.catalina.startup.HostConfig.deployDirectory 把web 应用程序部署到目录 [D:\auv_modes\apache-tomcat-8.5.98-windows-x64\apache-tomcat-8.5.98\webapps\ROOT]
30-Jan-2024 09:35:27.574 信息 [localhost-startStop-1] org.apache.catalina.startup.HostConfig.deployDirectory Web应用程序目录[D:\auv_modes\apache-tomcat-8.5.98-windows-x64\apache-tomcat-8.5.98\webapps\ROOT]的部署已在[11]毫秒内完成
30-Jan-2024 09:35:27.579 信息 [main] org.apache.coyote.AbstractProtocol.start 开始协议处理句柄["http-nio-8080"]
30-Jan-2024 09:35:27.604 信息 [main] org.apache.catalina.startup.Catalina.start Server startup in 916 ms
30-Jan-2024 09:35:30.138 信息 [Thread-2] org.apache.coyote.AbstractProtocol.pause 暂停ProtocolHandler["http-nio-8080"]
30-Jan-2024 09:35:30.536 信息 [Thread-2] org.apache.catalina.core.StandardService.stopInternal 正在停止服务[Catalina]
30-Jan-2024 09:35:30.552 信息 [Thread-2] org.apache.coyote.AbstractProtocol.stop 正在停止ProtocolHandler ["http-nio-8080"]
30-Jan-2024 09:35:30.601 信息 [Thread-2] org.apache.coyote.AbstractProtocol.destroy 正在摧毁协议处理器 ["http-nio-8080"]
30-Jan-2024 09:35:59.888 信息 [main] org.apache.catalina.startup.VersionLoggerListener.log Server.服务器版本: Apache Tomcat/8.5.98
30-Jan-2024 09:35:59.891 信息 [main] org.apache.catalina.startup.VersionLoggerListener.log 服务器构建:        Jan 5 2024 15:56:27 UTC
30-Jan-2024 09:35:59.891 信息 [main] org.apache.catalina.startup.VersionLoggerListener.log 服务器版本号:      8.5.98.0
30-Jan-2024 09:35:59.891 信息 [main] org.apache.catalina.startup.VersionLoggerListener.log 操作系统名称:      Windows 11
30-Jan-2024 09:35:59.891 信息 [main] org.apache.catalina.startup.VersionLoggerListener.log OS.版本:           10.0
30-Jan-2024 09:35:59.892 信息 [main] org.apache.catalina.startup.VersionLoggerListener.log 架构:              amd64
30-Jan-2024 09:35:59.892 信息 [main] org.apache.catalina.startup.VersionLoggerListener.log Java 环境变量:     D:\auv_modes\apache-tomcat-8.5.98-windows-x64\apache-tomcat-8.5.98\bin\Java\jdk-1.8\jre
30-Jan-2024 09:35:59.892 信息 [main] org.apache.catalina.startup.VersionLoggerListener.log Java虚拟机版本:    1.8.0_401-b10
30-Jan-2024 09:35:59.892 信息 [main] org.apache.catalina.startup.VersionLoggerListener.log JVM.供应商:        Oracle Corporation
30-Jan-2024 09:35:59.892 信息 [main] org.apache.catalina.startup.VersionLoggerListener.log CATALINA_BASE:     D:\auv_modes\apache-tomcat-8.5.98-windows-x64\apache-tomcat-8.5.98
30-Jan-2024 09:35:59.892 信息 [main] org.apache.catalina.startup.VersionLoggerListener.log CATALINA_HOME:     D:\auv_modes\apache-tomcat-8.5.98-windows-x64\apache-tomcat-8.5.98
30-Jan-2024 09:35:59.892 信息 [main] org.apache.catalina.startup.VersionLoggerListener.log 命令行参数：       -Djava.util.logging.config.file=D:\auv_modes\apache-tomcat-8.5.98-windows-x64\apache-tomcat-8.5.98\conf\logging.properties
30-Jan-2024 09:35:59.892 信息 [main] org.apache.catalina.startup.VersionLoggerListener.log 命令行参数：       -Djava.util.logging.manager=org.apache.juli.ClassLoaderLogManager
30-Jan-2024 09:35:59.893 信息 [main] org.apache.catalina.startup.VersionLoggerListener.log 命令行参数：       -Djdk.tls.ephemeralDHKeySize=2048
30-Jan-2024 09:35:59.893 信息 [main] org.apache.catalina.startup.VersionLoggerListener.log 命令行参数：       -Djava.protocol.handler.pkgs=org.apache.catalina.webresources
30-Jan-2024 09:35:59.893 信息 [main] org.apache.catalina.startup.VersionLoggerListener.log 命令行参数：       -Dignore.endorsed.dirs=
30-Jan-2024 09:35:59.893 信息 [main] org.apache.catalina.startup.VersionLoggerListener.log 命令行参数：       -Dcatalina.base=D:\auv_modes\apache-tomcat-8.5.98-windows-x64\apache-tomcat-8.5.98
30-Jan-2024 09:35:59.893 信息 [main] org.apache.catalina.startup.VersionLoggerListener.log 命令行参数：       -Dcatalina.home=D:\auv_modes\apache-tomcat-8.5.98-windows-x64\apache-tomcat-8.5.98
30-Jan-2024 09:35:59.893 信息 [main] org.apache.catalina.startup.VersionLoggerListener.log 命令行参数：       -Djava.io.tmpdir=D:\auv_modes\apache-tomcat-8.5.98-windows-x64\apache-tomcat-8.5.98\temp
30-Jan-2024 09:35:59.894 信息 [main] org.apache.catalina.core.AprLifecycleListener.lifecycleEvent 使用APR版本[1.7.4]加载了基于APR的Apache Tomcat本机库[1.2.39]。
30-Jan-2024 09:35:59.894 信息 [main] org.apache.catalina.core.AprLifecycleListener.lifecycleEvent APR功能：IPv6[true]、sendfile[true]、accept filters[false]、random[true]、UDS [{4}]。
30-Jan-2024 09:35:59.894 信息 [main] org.apache.catalina.core.AprLifecycleListener.lifecycleEvent APR/OpenSSL配置：useAprConnector[false]，useOpenSSL[true]
30-Jan-2024 09:35:59.912 信息 [main] org.apache.catalina.core.AprLifecycleListener.initializeSSL OpenSSL成功初始化 [OpenSSL 3.0.11 19 Sep 2023]
30-Jan-2024 09:36:00.052 信息 [main] org.apache.coyote.AbstractProtocol.init 初始化协议处理器 ["http-nio-8080"]
30-Jan-2024 09:36:00.073 信息 [main] org.apache.catalina.startup.Catalina.load Initialization processed in 506 ms
30-Jan-2024 09:36:00.137 信息 [main] org.apache.catalina.core.StandardService.startInternal 正在启动服务[Catalina]
30-Jan-2024 09:36:00.137 信息 [main] org.apache.catalina.core.StandardEngine.startInternal 正在启动 Servlet 引擎：[Apache Tomcat/8.5.98]
30-Jan-2024 09:36:00.144 信息 [localhost-startStop-1] org.apache.catalina.startup.HostConfig.deployDirectory 把web 应用程序部署到目录 [D:\auv_modes\apache-tomcat-8.5.98-windows-x64\apache-tomcat-8.5.98\webapps\docs]
30-Jan-2024 09:36:00.703 警告 [localhost-startStop-1] org.apache.catalina.util.SessionIdGeneratorBase.createSecureRandom 使用[SHA1PRNG]创建会话ID生成的SecureRandom实例花费了[387]毫秒。
30-Jan-2024 09:36:00.721 信息 [localhost-startStop-1] org.apache.catalina.startup.HostConfig.deployDirectory Web应用程序目录[D:\auv_modes\apache-tomcat-8.5.98-windows-x64\apache-tomcat-8.5.98\webapps\docs]的部署已在[577]毫秒内完成
30-Jan-2024 09:36:00.721 信息 [localhost-startStop-1] org.apache.catalina.startup.HostConfig.deployDirectory 把web 应用程序部署到目录 [D:\auv_modes\apache-tomcat-8.5.98-windows-x64\apache-tomcat-8.5.98\webapps\examples]
30-Jan-2024 09:36:00.906 信息 [localhost-startStop-1] org.apache.catalina.startup.HostConfig.deployDirectory Web应用程序目录[D:\auv_modes\apache-tomcat-8.5.98-windows-x64\apache-tomcat-8.5.98\webapps\examples]的部署已在[184]毫秒内完成
30-Jan-2024 09:36:00.906 信息 [localhost-startStop-1] org.apache.catalina.startup.HostConfig.deployDirectory 把web 应用程序部署到目录 [D:\auv_modes\apache-tomcat-8.5.98-windows-x64\apache-tomcat-8.5.98\webapps\host-manager]
30-Jan-2024 09:36:00.923 信息 [localhost-startStop-1] org.apache.catalina.startup.HostConfig.deployDirectory Web应用程序目录[D:\auv_modes\apache-tomcat-8.5.98-windows-x64\apache-tomcat-8.5.98\webapps\host-manager]的部署已在[17]毫秒内完成
30-Jan-2024 09:36:00.923 信息 [localhost-startStop-1] org.apache.catalina.startup.HostConfig.deployDirectory 把web 应用程序部署到目录 [D:\auv_modes\apache-tomcat-8.5.98-windows-x64\apache-tomcat-8.5.98\webapps\manager]
30-Jan-2024 09:36:00.939 信息 [localhost-startStop-1] org.apache.catalina.startup.HostConfig.deployDirectory Web应用程序目录[D:\auv_modes\apache-tomcat-8.5.98-windows-x64\apache-tomcat-8.5.98\webapps\manager]的部署已在[16]毫秒内完成
30-Jan-2024 09:36:00.939 信息 [localhost-startStop-1] org.apache.catalina.startup.HostConfig.deployDirectory 把web 应用程序部署到目录 [D:\auv_modes\apache-tomcat-8.5.98-windows-x64\apache-tomcat-8.5.98\webapps\ROOT]
30-Jan-2024 09:36:00.952 信息 [localhost-startStop-1] org.apache.catalina.startup.HostConfig.deployDirectory Web应用程序目录[D:\auv_modes\apache-tomcat-8.5.98-windows-x64\apache-tomcat-8.5.98\webapps\ROOT]的部署已在[12]毫秒内完成
30-Jan-2024 09:36:00.954 信息 [main] org.apache.coyote.AbstractProtocol.start 开始协议处理句柄["http-nio-8080"]
30-Jan-2024 09:36:00.968 信息 [main] org.apache.catalina.startup.Catalina.start Server startup in 895 ms
30-Jan-2024 14:26:43.175 警告 [main] org.apache.catalina.core.StandardServer.await 收到无效的关闭命令[]
30-Jan-2024 14:26:49.084 信息 [localhost-startStop-2] org.apache.catalina.startup.HostConfig.deployDirectory 把web 应用程序部署到目录 [D:\auv_modes\apache-tomcat-8.5.98-windows-x64\apache-tomcat-8.5.98\webapps\servers_war]
30-Jan-2024 14:26:50.866 信息 [localhost-startStop-2] org.apache.jasper.servlet.TldScanner.scanJars 至少有一个JAR被扫描用于TLD但尚未包含TLD。 为此记录器启用调试日志记录，以获取已扫描但未在其中找到TLD的完整JAR列表。 在扫描期间跳过不需要的JAR可以缩短启动时间和JSP编译时间。
30-Jan-2024 14:26:52.321 严重 [localhost-startStop-2] org.apache.catalina.core.ContainerBase.addChildInternal ContainerBase.addChild: start: 
	org.apache.catalina.LifecycleException: 无法启动组件[StandardEngine[Catalina].StandardHost[localhost].StandardContext[/servers_war]]
		at org.apache.catalina.util.LifecycleBase.handleSubClassException(LifecycleBase.java:419)
		at org.apache.catalina.util.LifecycleBase.start(LifecycleBase.java:186)
		at org.apache.catalina.core.ContainerBase.addChildInternal(ContainerBase.java:710)
		at org.apache.catalina.core.ContainerBase.addChild(ContainerBase.java:687)
		at org.apache.catalina.core.StandardHost.addChild(StandardHost.java:660)
		at org.apache.catalina.startup.HostConfig.deployDirectory(HostConfig.java:1179)
		at org.apache.catalina.startup.HostConfig$DeployDirectory.run(HostConfig.java:1934)
		at java.util.concurrent.Executors$RunnableAdapter.call(Executors.java:511)
		at java.util.concurrent.FutureTask.run(FutureTask.java:266)
		at java.util.concurrent.ThreadPoolExecutor.runWorker(ThreadPoolExecutor.java:1149)
		at java.util.concurrent.ThreadPoolExecutor$Worker.run(ThreadPoolExecutor.java:624)
		at java.lang.Thread.run(Thread.java:750)
	Caused by: org.springframework.beans.factory.support.BeanDefinitionOverrideException: Invalid bean definition with name 'webSocketServer' defined in class path resource [com/example/servers/bean/WebSocketConfig.class]: Cannot register bean definition [Root bean: class [null]; scope=; abstract=false; lazyInit=null; autowireMode=3; dependencyCheck=0; autowireCandidate=true; primary=false; factoryBeanName=webSocketConfig; factoryMethodName=webSocketServer; initMethodName=null; destroyMethodName=(inferred); defined in class path resource [com/example/servers/bean/WebSocketConfig.class]] for bean 'webSocketServer': There is already [Generic bean: class [com.example.servers.bean.WebSocketServer]; scope=singleton; abstract=false; lazyInit=null; autowireMode=0; dependencyCheck=0; autowireCandidate=true; primary=false; factoryBeanName=null; factoryMethodName=null; initMethodName=null; destroyMethodName=null; defined in file [D:\auv_modes\apache-tomcat-8.5.98-windows-x64\apache-tomcat-8.5.98\webapps\servers_war\WEB-INF\classes\com\example\servers\bean\WebSocketServer.class]] bound.
		at org.springframework.beans.factory.support.DefaultListableBeanFactory.registerBeanDefinition(DefaultListableBeanFactory.java:1006)
		at org.springframework.context.annotation.ConfigurationClassBeanDefinitionReader.loadBeanDefinitionsForBeanMethod(ConfigurationClassBeanDefinitionReader.java:295)
		at org.springframework.context.annotation.ConfigurationClassBeanDefinitionReader.loadBeanDefinitionsForConfigurationClass(ConfigurationClassBeanDefinitionReader.java:153)
		at org.springframework.context.annotation.ConfigurationClassBeanDefinitionReader.loadBeanDefinitions(ConfigurationClassBeanDefinitionReader.java:129)
		at org.springframework.context.annotation.ConfigurationClassPostProcessor.processConfigBeanDefinitions(ConfigurationClassPostProcessor.java:343)
		at org.springframework.context.annotation.ConfigurationClassPostProcessor.postProcessBeanDefinitionRegistry(ConfigurationClassPostProcessor.java:247)
		at org.springframework.context.support.PostProcessorRegistrationDelegate.invokeBeanDefinitionRegistryPostProcessors(PostProcessorRegistrationDelegate.java:311)
		at org.springframework.context.support.PostProcessorRegistrationDelegate.invokeBeanFactoryPostProcessors(PostProcessorRegistrationDelegate.java:112)
		at org.springframework.context.support.AbstractApplicationContext.invokeBeanFactoryPostProcessors(AbstractApplicationContext.java:746)
		at org.springframework.context.support.AbstractApplicationContext.refresh(AbstractApplicationContext.java:564)
		at org.springframework.boot.web.servlet.context.ServletWebServerApplicationContext.refresh(ServletWebServerApplicationContext.java:147)
		at org.springframework.boot.SpringApplication.refresh(SpringApplication.java:731)
		at org.springframework.boot.SpringApplication.refreshContext(SpringApplication.java:408)
		at org.springframework.boot.SpringApplication.run(SpringApplication.java:307)
		at org.springframework.boot.web.servlet.support.SpringBootServletInitializer.run(SpringBootServletInitializer.java:175)
		at org.springframework.boot.web.servlet.support.SpringBootServletInitializer.createRootApplicationContext(SpringBootServletInitializer.java:155)
		at org.springframework.boot.web.servlet.support.SpringBootServletInitializer.onStartup(SpringBootServletInitializer.java:97)
		at org.springframework.web.SpringServletContainerInitializer.onStartup(SpringServletContainerInitializer.java:174)
		at org.apache.catalina.core.StandardContext.startInternal(StandardContext.java:4889)
		at org.apache.catalina.util.LifecycleBase.start(LifecycleBase.java:171)
		... 10 more
30-Jan-2024 14:26:52.323 严重 [localhost-startStop-2] org.apache.catalina.startup.HostConfig.deployDirectory 无法部署应用目录 [D:\auv_modes\apache-tomcat-8.5.98-windows-x64\apache-tomcat-8.5.98\webapps\servers_war]
	java.lang.IllegalStateException: 启动子级时出错
		at org.apache.catalina.core.ContainerBase.addChildInternal(ContainerBase.java:714)
		at org.apache.catalina.core.ContainerBase.addChild(ContainerBase.java:687)
		at org.apache.catalina.core.StandardHost.addChild(StandardHost.java:660)
		at org.apache.catalina.startup.HostConfig.deployDirectory(HostConfig.java:1179)
		at org.apache.catalina.startup.HostConfig$DeployDirectory.run(HostConfig.java:1934)
		at java.util.concurrent.Executors$RunnableAdapter.call(Executors.java:511)
		at java.util.concurrent.FutureTask.run(FutureTask.java:266)
		at java.util.concurrent.ThreadPoolExecutor.runWorker(ThreadPoolExecutor.java:1149)
		at java.util.concurrent.ThreadPoolExecutor$Worker.run(ThreadPoolExecutor.java:624)
		at java.lang.Thread.run(Thread.java:750)
	Caused by: org.apache.catalina.LifecycleException: 无法启动组件[StandardEngine[Catalina].StandardHost[localhost].StandardContext[/servers_war]]
		at org.apache.catalina.util.LifecycleBase.handleSubClassException(LifecycleBase.java:419)
		at org.apache.catalina.util.LifecycleBase.start(LifecycleBase.java:186)
		at org.apache.catalina.core.ContainerBase.addChildInternal(ContainerBase.java:710)
		... 9 more
	Caused by: org.springframework.beans.factory.support.BeanDefinitionOverrideException: Invalid bean definition with name 'webSocketServer' defined in class path resource [com/example/servers/bean/WebSocketConfig.class]: Cannot register bean definition [Root bean: class [null]; scope=; abstract=false; lazyInit=null; autowireMode=3; dependencyCheck=0; autowireCandidate=true; primary=false; factoryBeanName=webSocketConfig; factoryMethodName=webSocketServer; initMethodName=null; destroyMethodName=(inferred); defined in class path resource [com/example/servers/bean/WebSocketConfig.class]] for bean 'webSocketServer': There is already [Generic bean: class [com.example.servers.bean.WebSocketServer]; scope=singleton; abstract=false; lazyInit=null; autowireMode=0; dependencyCheck=0; autowireCandidate=true; primary=false; factoryBeanName=null; factoryMethodName=null; initMethodName=null; destroyMethodName=null; defined in file [D:\auv_modes\apache-tomcat-8.5.98-windows-x64\apache-tomcat-8.5.98\webapps\servers_war\WEB-INF\classes\com\example\servers\bean\WebSocketServer.class]] bound.
		at org.springframework.beans.factory.support.DefaultListableBeanFactory.registerBeanDefinition(DefaultListableBeanFactory.java:1006)
		at org.springframework.context.annotation.ConfigurationClassBeanDefinitionReader.loadBeanDefinitionsForBeanMethod(ConfigurationClassBeanDefinitionReader.java:295)
		at org.springframework.context.annotation.ConfigurationClassBeanDefinitionReader.loadBeanDefinitionsForConfigurationClass(ConfigurationClassBeanDefinitionReader.java:153)
		at org.springframework.context.annotation.ConfigurationClassBeanDefinitionReader.loadBeanDefinitions(ConfigurationClassBeanDefinitionReader.java:129)
		at org.springframework.context.annotation.ConfigurationClassPostProcessor.processConfigBeanDefinitions(ConfigurationClassPostProcessor.java:343)
		at org.springframework.context.annotation.ConfigurationClassPostProcessor.postProcessBeanDefinitionRegistry(ConfigurationClassPostProcessor.java:247)
		at org.springframework.context.support.PostProcessorRegistrationDelegate.invokeBeanDefinitionRegistryPostProcessors(PostProcessorRegistrationDelegate.java:311)
		at org.springframework.context.support.PostProcessorRegistrationDelegate.invokeBeanFactoryPostProcessors(PostProcessorRegistrationDelegate.java:112)
		at org.springframework.context.support.AbstractApplicationContext.invokeBeanFactoryPostProcessors(AbstractApplicationContext.java:746)
		at org.springframework.context.support.AbstractApplicationContext.refresh(AbstractApplicationContext.java:564)
		at org.springframework.boot.web.servlet.context.ServletWebServerApplicationContext.refresh(ServletWebServerApplicationContext.java:147)
		at org.springframework.boot.SpringApplication.refresh(SpringApplication.java:731)
		at org.springframework.boot.SpringApplication.refreshContext(SpringApplication.java:408)
		at org.springframework.boot.SpringApplication.run(SpringApplication.java:307)
		at org.springframework.boot.web.servlet.support.SpringBootServletInitializer.run(SpringBootServletInitializer.java:175)
		at org.springframework.boot.web.servlet.support.SpringBootServletInitializer.createRootApplicationContext(SpringBootServletInitializer.java:155)
		at org.springframework.boot.web.servlet.support.SpringBootServletInitializer.onStartup(SpringBootServletInitializer.java:97)
		at org.springframework.web.SpringServletContainerInitializer.onStartup(SpringServletContainerInitializer.java:174)
		at org.apache.catalina.core.StandardContext.startInternal(StandardContext.java:4889)
		at org.apache.catalina.util.LifecycleBase.start(LifecycleBase.java:171)
		... 10 more
30-Jan-2024 14:26:52.325 信息 [localhost-startStop-2] org.apache.catalina.startup.HostConfig.deployDirectory Web应用程序目录[D:\auv_modes\apache-tomcat-8.5.98-windows-x64\apache-tomcat-8.5.98\webapps\servers_war]的部署已在[3,240]毫秒内完成
30-Jan-2024 15:33:52.636 警告 [main] org.apache.catalina.core.StandardServer.await 收到无效的关闭命令[]
30-Jan-2024 15:35:39.882 警告 [main] org.apache.catalina.core.StandardServer.await 收到无效的关闭命令[]
30-Jan-2024 15:42:58.040 警告 [main] org.apache.catalina.core.StandardServer.await 收到无效的关闭命令[]
30-Jan-2024 15:43:15.071 警告 [main] org.apache.catalina.core.StandardServer.await 收到无效的关闭命令[]
30-Jan-2024 15:44:23.321 信息 [Thread-2] org.apache.coyote.AbstractProtocol.pause 暂停ProtocolHandler["http-nio-8080"]
30-Jan-2024 15:44:23.791 信息 [Thread-2] org.apache.catalina.core.StandardService.stopInternal 正在停止服务[Catalina]
30-Jan-2024 15:44:23.821 信息 [Thread-2] org.apache.coyote.AbstractProtocol.stop 正在停止ProtocolHandler ["http-nio-8080"]
30-Jan-2024 15:44:23.827 信息 [Thread-2] org.apache.coyote.AbstractProtocol.destroy 正在摧毁协议处理器 ["http-nio-8080"]
