20-Aug-2025 15:08:02.661 信息 [main] org.apache.catalina.startup.VersionLoggerListener.log Server.服务器版本: Apache Tomcat/8.5.98
20-Aug-2025 15:08:02.663 信息 [main] org.apache.catalina.startup.VersionLoggerListener.log 服务器构建:        Jan 5 2024 15:56:27 UTC
20-Aug-2025 15:08:02.664 信息 [main] org.apache.catalina.startup.VersionLoggerListener.log 服务器版本号:      8.5.98.0
20-Aug-2025 15:08:02.664 信息 [main] org.apache.catalina.startup.VersionLoggerListener.log 操作系统名称:      Windows 10
20-Aug-2025 15:08:02.664 信息 [main] org.apache.catalina.startup.VersionLoggerListener.log OS.版本:           10.0
20-Aug-2025 15:08:02.664 信息 [main] org.apache.catalina.startup.VersionLoggerListener.log 架构:              amd64
20-Aug-2025 15:08:02.664 信息 [main] org.apache.catalina.startup.VersionLoggerListener.log Java 环境变量:     C:\Users\Administrator\Desktop\chenhaobisai\apache-tomcat-8.5.98\bin\Java\jdk-1.8\jre
20-Aug-2025 15:08:02.664 信息 [main] org.apache.catalina.startup.VersionLoggerListener.log Java虚拟机版本:    1.8.0_401-b10
20-Aug-2025 15:08:02.664 信息 [main] org.apache.catalina.startup.VersionLoggerListener.log JVM.供应商:        Oracle Corporation
20-Aug-2025 15:08:02.664 信息 [main] org.apache.catalina.startup.VersionLoggerListener.log CATALINA_BASE:     C:\Users\Administrator\Desktop\chenhaobisai\apache-tomcat-8.5.98
20-Aug-2025 15:08:02.664 信息 [main] org.apache.catalina.startup.VersionLoggerListener.log CATALINA_HOME:     C:\Users\Administrator\Desktop\chenhaobisai\apache-tomcat-8.5.98
20-Aug-2025 15:08:02.664 信息 [main] org.apache.catalina.startup.VersionLoggerListener.log 命令行参数：       -Djava.util.logging.config.file=C:\Users\Administrator\Desktop\chenhaobisai\apache-tomcat-8.5.98\conf\logging.properties
20-Aug-2025 15:08:02.664 信息 [main] org.apache.catalina.startup.VersionLoggerListener.log 命令行参数：       -Djava.util.logging.manager=org.apache.juli.ClassLoaderLogManager
20-Aug-2025 15:08:02.665 信息 [main] org.apache.catalina.startup.VersionLoggerListener.log 命令行参数：       -Djdk.tls.ephemeralDHKeySize=2048
20-Aug-2025 15:08:02.665 信息 [main] org.apache.catalina.startup.VersionLoggerListener.log 命令行参数：       -Djava.protocol.handler.pkgs=org.apache.catalina.webresources
20-Aug-2025 15:08:02.665 信息 [main] org.apache.catalina.startup.VersionLoggerListener.log 命令行参数：       -Dignore.endorsed.dirs=
20-Aug-2025 15:08:02.665 信息 [main] org.apache.catalina.startup.VersionLoggerListener.log 命令行参数：       -Dcatalina.base=C:\Users\Administrator\Desktop\chenhaobisai\apache-tomcat-8.5.98
20-Aug-2025 15:08:02.665 信息 [main] org.apache.catalina.startup.VersionLoggerListener.log 命令行参数：       -Dcatalina.home=C:\Users\Administrator\Desktop\chenhaobisai\apache-tomcat-8.5.98
20-Aug-2025 15:08:02.665 信息 [main] org.apache.catalina.startup.VersionLoggerListener.log 命令行参数：       -Djava.io.tmpdir=C:\Users\Administrator\Desktop\chenhaobisai\apache-tomcat-8.5.98\temp
20-Aug-2025 15:08:02.665 信息 [main] org.apache.catalina.core.AprLifecycleListener.lifecycleEvent 使用APR版本[1.7.4]加载了基于APR的Apache Tomcat本机库[1.2.39]。
20-Aug-2025 15:08:02.665 信息 [main] org.apache.catalina.core.AprLifecycleListener.lifecycleEvent APR功能：IPv6[true]、sendfile[true]、accept filters[false]、random[true]、UDS [{4}]。
20-Aug-2025 15:08:02.666 信息 [main] org.apache.catalina.core.AprLifecycleListener.lifecycleEvent APR/OpenSSL配置：useAprConnector[false]，useOpenSSL[true]
20-Aug-2025 15:08:02.671 信息 [main] org.apache.catalina.core.AprLifecycleListener.initializeSSL OpenSSL成功初始化 [OpenSSL 3.0.11 19 Sep 2023]
20-Aug-2025 15:08:02.763 信息 [main] org.apache.coyote.AbstractProtocol.init 初始化协议处理器 ["http-nio-8080"]
20-Aug-2025 15:08:02.771 严重 [main] org.apache.catalina.core.StandardService.initInternal Failed to initialize connector [Connector["http-nio-8080"]]
	org.apache.catalina.LifecycleException: 协议处理程序初始化失败
		at org.apache.catalina.connector.Connector.initInternal(Connector.java:1075)
		at org.apache.catalina.util.LifecycleBase.init(LifecycleBase.java:127)
		at org.apache.catalina.core.StandardService.initInternal(StandardService.java:564)
		at org.apache.catalina.util.LifecycleBase.init(LifecycleBase.java:127)
		at org.apache.catalina.core.StandardServer.initInternal(StandardServer.java:854)
		at org.apache.catalina.util.LifecycleBase.init(LifecycleBase.java:127)
		at org.apache.catalina.startup.Catalina.load(Catalina.java:646)
		at org.apache.catalina.startup.Catalina.load(Catalina.java:669)
		at sun.reflect.NativeMethodAccessorImpl.invoke0(Native Method)
		at sun.reflect.NativeMethodAccessorImpl.invoke(NativeMethodAccessorImpl.java:62)
		at sun.reflect.DelegatingMethodAccessorImpl.invoke(DelegatingMethodAccessorImpl.java:43)
		at java.lang.reflect.Method.invoke(Method.java:498)
		at org.apache.catalina.startup.Bootstrap.load(Bootstrap.java:307)
		at org.apache.catalina.startup.Bootstrap.main(Bootstrap.java:477)
	Caused by: java.net.BindException: Address already in use: bind
		at sun.nio.ch.Net.bind0(Native Method)
		at sun.nio.ch.Net.bind(Net.java:438)
		at sun.nio.ch.Net.bind(Net.java:430)
		at sun.nio.ch.ServerSocketChannelImpl.bind(ServerSocketChannelImpl.java:225)
		at sun.nio.ch.ServerSocketAdaptor.bind(ServerSocketAdaptor.java:74)
		at org.apache.tomcat.util.net.NioEndpoint.initServerSocket(NioEndpoint.java:226)
		at org.apache.tomcat.util.net.NioEndpoint.bind(NioEndpoint.java:202)
		at org.apache.tomcat.util.net.AbstractEndpoint.bindWithCleanup(AbstractEndpoint.java:1326)
		at org.apache.tomcat.util.net.AbstractEndpoint.init(AbstractEndpoint.java:1339)
		at org.apache.tomcat.util.net.AbstractJsseEndpoint.init(AbstractJsseEndpoint.java:231)
		at org.apache.coyote.AbstractProtocol.init(AbstractProtocol.java:695)
		at org.apache.coyote.http11.AbstractHttp11Protocol.init(AbstractHttp11Protocol.java:76)
		at org.apache.catalina.connector.Connector.initInternal(Connector.java:1073)
		... 13 more
20-Aug-2025 15:08:02.772 信息 [main] org.apache.catalina.startup.Catalina.load Initialization processed in 326 ms
20-Aug-2025 15:08:02.816 信息 [main] org.apache.catalina.core.StandardService.startInternal 正在启动服务[Catalina]
20-Aug-2025 15:08:02.816 信息 [main] org.apache.catalina.core.StandardEngine.startInternal 正在启动 Servlet 引擎：[Apache Tomcat/8.5.98]
20-Aug-2025 15:08:02.827 信息 [localhost-startStop-1] org.apache.catalina.startup.HostConfig.deployWAR 正在部署web应用程序存档文件[C:\Users\Administrator\Desktop\chenhaobisai\apache-tomcat-8.5.98\webapps\servers.war]
20-Aug-2025 15:08:04.153 信息 [localhost-startStop-1] org.apache.jasper.servlet.TldScanner.scanJars 至少有一个JAR被扫描用于TLD但尚未包含TLD。 为此记录器启用调试日志记录，以获取已扫描但未在其中找到TLD的完整JAR列表。 在扫描期间跳过不需要的JAR可以缩短启动时间和JSP编译时间。
20-Aug-2025 15:08:06.196 警告 [localhost-startStop-1] org.apache.catalina.util.SessionIdGeneratorBase.createSecureRandom 使用[SHA1PRNG]创建会话ID生成的SecureRandom实例花费了[156]毫秒。
20-Aug-2025 15:08:06.210 信息 [localhost-startStop-1] org.apache.catalina.startup.HostConfig.deployWAR web应用程序存档文件[C:\Users\Administrator\Desktop\chenhaobisai\apache-tomcat-8.5.98\webapps\servers.war]的部署已在[3,383]ms内完成
20-Aug-2025 15:08:06.211 信息 [localhost-startStop-1] org.apache.catalina.startup.HostConfig.deployDirectory 把web 应用程序部署到目录 [C:\Users\Administrator\Desktop\chenhaobisai\apache-tomcat-8.5.98\webapps\docs]
20-Aug-2025 15:08:06.225 信息 [localhost-startStop-1] org.apache.catalina.startup.HostConfig.deployDirectory Web应用程序目录[C:\Users\Administrator\Desktop\chenhaobisai\apache-tomcat-8.5.98\webapps\docs]的部署已在[14]毫秒内完成
20-Aug-2025 15:08:06.225 信息 [localhost-startStop-1] org.apache.catalina.startup.HostConfig.deployDirectory 把web 应用程序部署到目录 [C:\Users\Administrator\Desktop\chenhaobisai\apache-tomcat-8.5.98\webapps\examples]
20-Aug-2025 15:08:06.405 信息 [localhost-startStop-1] org.apache.catalina.startup.HostConfig.deployDirectory Web应用程序目录[C:\Users\Administrator\Desktop\chenhaobisai\apache-tomcat-8.5.98\webapps\examples]的部署已在[180]毫秒内完成
20-Aug-2025 15:08:06.406 信息 [localhost-startStop-1] org.apache.catalina.startup.HostConfig.deployDirectory 把web 应用程序部署到目录 [C:\Users\Administrator\Desktop\chenhaobisai\apache-tomcat-8.5.98\webapps\host-manager]
20-Aug-2025 15:08:06.428 信息 [localhost-startStop-1] org.apache.catalina.startup.HostConfig.deployDirectory Web应用程序目录[C:\Users\Administrator\Desktop\chenhaobisai\apache-tomcat-8.5.98\webapps\host-manager]的部署已在[22]毫秒内完成
20-Aug-2025 15:08:06.428 信息 [localhost-startStop-1] org.apache.catalina.startup.HostConfig.deployDirectory 把web 应用程序部署到目录 [C:\Users\Administrator\Desktop\chenhaobisai\apache-tomcat-8.5.98\webapps\manager]
20-Aug-2025 15:08:06.444 信息 [localhost-startStop-1] org.apache.catalina.startup.HostConfig.deployDirectory Web应用程序目录[C:\Users\Administrator\Desktop\chenhaobisai\apache-tomcat-8.5.98\webapps\manager]的部署已在[15]毫秒内完成
20-Aug-2025 15:08:06.444 信息 [localhost-startStop-1] org.apache.catalina.startup.HostConfig.deployDirectory 把web 应用程序部署到目录 [C:\Users\Administrator\Desktop\chenhaobisai\apache-tomcat-8.5.98\webapps\ROOT]
20-Aug-2025 15:08:06.455 信息 [localhost-startStop-1] org.apache.catalina.startup.HostConfig.deployDirectory Web应用程序目录[C:\Users\Administrator\Desktop\chenhaobisai\apache-tomcat-8.5.98\webapps\ROOT]的部署已在[11]毫秒内完成
20-Aug-2025 15:08:06.458 信息 [main] org.apache.catalina.startup.Catalina.start Server startup in 3686 ms
20-Aug-2025 15:08:06.459 严重 [main] org.apache.catalina.core.StandardServer.await 无法在地址[localhost]和端口[8005]上创建服务器关闭套接字（基本端口[8005]和偏移量[0]）
	java.net.BindException: Address already in use: JVM_Bind
		at java.net.DualStackPlainSocketImpl.bind0(Native Method)
		at java.net.DualStackPlainSocketImpl.socketBind(DualStackPlainSocketImpl.java:102)
		at java.net.AbstractPlainSocketImpl.bind(AbstractPlainSocketImpl.java:513)
		at java.net.PlainSocketImpl.bind(PlainSocketImpl.java:180)
		at java.net.ServerSocket.bind(ServerSocket.java:375)
		at java.net.ServerSocket.<init>(ServerSocket.java:237)
		at org.apache.catalina.core.StandardServer.await(StandardServer.java:444)
		at org.apache.catalina.startup.Catalina.await(Catalina.java:783)
		at org.apache.catalina.startup.Catalina.start(Catalina.java:729)
		at sun.reflect.NativeMethodAccessorImpl.invoke0(Native Method)
		at sun.reflect.NativeMethodAccessorImpl.invoke(NativeMethodAccessorImpl.java:62)
		at sun.reflect.DelegatingMethodAccessorImpl.invoke(DelegatingMethodAccessorImpl.java:43)
		at java.lang.reflect.Method.invoke(Method.java:498)
		at org.apache.catalina.startup.Bootstrap.start(Bootstrap.java:347)
		at org.apache.catalina.startup.Bootstrap.main(Bootstrap.java:478)
20-Aug-2025 15:08:06.460 信息 [main] org.apache.coyote.AbstractProtocol.pause 暂停ProtocolHandler["http-nio-8080"]
20-Aug-2025 15:08:06.460 信息 [main] org.apache.catalina.core.StandardService.stopInternal 正在停止服务[Catalina]
20-Aug-2025 15:08:06.480 警告 [localhost-startStop-1] org.apache.catalina.loader.WebappClassLoaderBase.clearReferencesThreads Web应用程序[servers]似乎启动了一个名为[Thread-3]的线程，但未能停止它。这很可能会造成内存泄漏。线程的堆栈跟踪：[
 com.example.servers.bean.comDeviceListener.run(comDeviceListener.java:28)
 java.lang.Thread.run(Thread.java:750)]
20-Aug-2025 15:08:06.480 警告 [localhost-startStop-1] org.apache.catalina.loader.WebappClassLoaderBase.clearReferencesThreads Web应用程序[servers]似乎启动了一个名为[Thread-4]的线程，但未能停止它。这很可能会造成内存泄漏。线程的堆栈跟踪：[
 com.example.servers.bean.comclient.run(comclient.java:39)
 java.lang.Thread.run(Thread.java:750)]
20-Aug-2025 15:08:06.482 警告 [localhost-startStop-1] org.apache.catalina.loader.WebappClassLoaderBase.clearReferencesThreads Web应用程序[servers]似乎启动了一个名为[Thread-5]的线程，但未能停止它。这很可能会造成内存泄漏。线程的堆栈跟踪：[
 com.example.servers.bean.tcpclient.run(tcpclient.java:39)
 java.lang.Thread.run(Thread.java:750)]
20-Aug-2025 15:08:06.482 警告 [localhost-startStop-1] org.apache.catalina.loader.WebappClassLoaderBase.clearReferencesThreads Web应用程序[servers]似乎启动了一个名为[Thread-6]的线程，但未能停止它。这很可能会造成内存泄漏。线程的堆栈跟踪：[
 com.example.servers.bean.udpclient.run(udpclient.java:38)
 java.lang.Thread.run(Thread.java:750)]
20-Aug-2025 15:08:06.482 警告 [localhost-startStop-1] org.apache.catalina.loader.WebappClassLoaderBase.clearReferencesThreads Web应用程序[servers]似乎启动了一个名为[Thread-7]的线程，但未能停止它。这很可能会造成内存泄漏。线程的堆栈跟踪：[
 java.lang.Thread.sleep(Native Method)
 com.example.servers.bean.communicate.run(communicate.java:222)
 java.lang.Thread.run(Thread.java:750)]
20-Aug-2025 15:08:06.487 信息 [main] org.apache.coyote.AbstractProtocol.stop 正在停止ProtocolHandler ["http-nio-8080"]
20-Aug-2025 15:08:06.489 信息 [main] org.apache.coyote.AbstractProtocol.destroy 正在摧毁协议处理器 ["http-nio-8080"]
20-Aug-2025 17:22:25.277 信息 [main] org.apache.catalina.startup.VersionLoggerListener.log Server.服务器版本: Apache Tomcat/8.5.98
20-Aug-2025 17:22:25.281 信息 [main] org.apache.catalina.startup.VersionLoggerListener.log 服务器构建:        Jan 5 2024 15:56:27 UTC
20-Aug-2025 17:22:25.284 信息 [main] org.apache.catalina.startup.VersionLoggerListener.log 服务器版本号:      8.5.98.0
20-Aug-2025 17:22:25.284 信息 [main] org.apache.catalina.startup.VersionLoggerListener.log 操作系统名称:      Windows 10
20-Aug-2025 17:22:25.284 信息 [main] org.apache.catalina.startup.VersionLoggerListener.log OS.版本:           10.0
20-Aug-2025 17:22:25.284 信息 [main] org.apache.catalina.startup.VersionLoggerListener.log 架构:              amd64
20-Aug-2025 17:22:25.284 信息 [main] org.apache.catalina.startup.VersionLoggerListener.log Java 环境变量:     C:\Users\Administrator\Desktop\chenhaobisai\apache-tomcat-8.5.98\bin\Java\jdk-1.8\jre
20-Aug-2025 17:22:25.285 信息 [main] org.apache.catalina.startup.VersionLoggerListener.log Java虚拟机版本:    1.8.0_401-b10
20-Aug-2025 17:22:25.285 信息 [main] org.apache.catalina.startup.VersionLoggerListener.log JVM.供应商:        Oracle Corporation
20-Aug-2025 17:22:25.285 信息 [main] org.apache.catalina.startup.VersionLoggerListener.log CATALINA_BASE:     C:\Users\Administrator\Desktop\chenhaobisai\apache-tomcat-8.5.98
20-Aug-2025 17:22:25.285 信息 [main] org.apache.catalina.startup.VersionLoggerListener.log CATALINA_HOME:     C:\Users\Administrator\Desktop\chenhaobisai\apache-tomcat-8.5.98
20-Aug-2025 17:22:25.285 信息 [main] org.apache.catalina.startup.VersionLoggerListener.log 命令行参数：       -Djava.util.logging.config.file=C:\Users\Administrator\Desktop\chenhaobisai\apache-tomcat-8.5.98\conf\logging.properties
20-Aug-2025 17:22:25.286 信息 [main] org.apache.catalina.startup.VersionLoggerListener.log 命令行参数：       -Djava.util.logging.manager=org.apache.juli.ClassLoaderLogManager
20-Aug-2025 17:22:25.286 信息 [main] org.apache.catalina.startup.VersionLoggerListener.log 命令行参数：       -Djdk.tls.ephemeralDHKeySize=2048
20-Aug-2025 17:22:25.286 信息 [main] org.apache.catalina.startup.VersionLoggerListener.log 命令行参数：       -Djava.protocol.handler.pkgs=org.apache.catalina.webresources
20-Aug-2025 17:22:25.286 信息 [main] org.apache.catalina.startup.VersionLoggerListener.log 命令行参数：       -Dignore.endorsed.dirs=
20-Aug-2025 17:22:25.287 信息 [main] org.apache.catalina.startup.VersionLoggerListener.log 命令行参数：       -Dcatalina.base=C:\Users\Administrator\Desktop\chenhaobisai\apache-tomcat-8.5.98
20-Aug-2025 17:22:25.287 信息 [main] org.apache.catalina.startup.VersionLoggerListener.log 命令行参数：       -Dcatalina.home=C:\Users\Administrator\Desktop\chenhaobisai\apache-tomcat-8.5.98
20-Aug-2025 17:22:25.288 信息 [main] org.apache.catalina.startup.VersionLoggerListener.log 命令行参数：       -Djava.io.tmpdir=C:\Users\Administrator\Desktop\chenhaobisai\apache-tomcat-8.5.98\temp
20-Aug-2025 17:22:25.288 信息 [main] org.apache.catalina.core.AprLifecycleListener.lifecycleEvent 使用APR版本[1.7.4]加载了基于APR的Apache Tomcat本机库[1.2.39]。
20-Aug-2025 17:22:25.289 信息 [main] org.apache.catalina.core.AprLifecycleListener.lifecycleEvent APR功能：IPv6[true]、sendfile[true]、accept filters[false]、random[true]、UDS [{4}]。
20-Aug-2025 17:22:25.289 信息 [main] org.apache.catalina.core.AprLifecycleListener.lifecycleEvent APR/OpenSSL配置：useAprConnector[false]，useOpenSSL[true]
20-Aug-2025 17:22:25.293 信息 [main] org.apache.catalina.core.AprLifecycleListener.initializeSSL OpenSSL成功初始化 [OpenSSL 3.0.11 19 Sep 2023]
20-Aug-2025 17:22:25.410 信息 [main] org.apache.coyote.AbstractProtocol.init 初始化协议处理器 ["http-nio-8080"]
20-Aug-2025 17:22:25.429 信息 [main] org.apache.catalina.startup.Catalina.load Initialization processed in 393 ms
20-Aug-2025 17:22:25.486 信息 [main] org.apache.catalina.core.StandardService.startInternal 正在启动服务[Catalina]
20-Aug-2025 17:22:25.486 信息 [main] org.apache.catalina.core.StandardEngine.startInternal 正在启动 Servlet 引擎：[Apache Tomcat/8.5.98]
20-Aug-2025 17:22:25.498 信息 [localhost-startStop-1] org.apache.catalina.startup.HostConfig.deployWAR 正在部署web应用程序存档文件[C:\Users\Administrator\Desktop\chenhaobisai\apache-tomcat-8.5.98\webapps\servers.war]
20-Aug-2025 17:22:26.782 信息 [localhost-startStop-1] org.apache.jasper.servlet.TldScanner.scanJars 至少有一个JAR被扫描用于TLD但尚未包含TLD。 为此记录器启用调试日志记录，以获取已扫描但未在其中找到TLD的完整JAR列表。 在扫描期间跳过不需要的JAR可以缩短启动时间和JSP编译时间。
20-Aug-2025 17:22:28.778 警告 [localhost-startStop-1] org.apache.catalina.util.SessionIdGeneratorBase.createSecureRandom 使用[SHA1PRNG]创建会话ID生成的SecureRandom实例花费了[212]毫秒。
20-Aug-2025 17:22:28.793 信息 [localhost-startStop-1] org.apache.catalina.startup.HostConfig.deployWAR web应用程序存档文件[C:\Users\Administrator\Desktop\chenhaobisai\apache-tomcat-8.5.98\webapps\servers.war]的部署已在[3,295]ms内完成
20-Aug-2025 17:22:28.793 信息 [localhost-startStop-1] org.apache.catalina.startup.HostConfig.deployDirectory 把web 应用程序部署到目录 [C:\Users\Administrator\Desktop\chenhaobisai\apache-tomcat-8.5.98\webapps\docs]
20-Aug-2025 17:22:28.807 信息 [localhost-startStop-1] org.apache.catalina.startup.HostConfig.deployDirectory Web应用程序目录[C:\Users\Administrator\Desktop\chenhaobisai\apache-tomcat-8.5.98\webapps\docs]的部署已在[14]毫秒内完成
20-Aug-2025 17:22:28.807 信息 [localhost-startStop-1] org.apache.catalina.startup.HostConfig.deployDirectory 把web 应用程序部署到目录 [C:\Users\Administrator\Desktop\chenhaobisai\apache-tomcat-8.5.98\webapps\examples]
20-Aug-2025 17:22:28.954 信息 [localhost-startStop-1] org.apache.catalina.startup.HostConfig.deployDirectory Web应用程序目录[C:\Users\Administrator\Desktop\chenhaobisai\apache-tomcat-8.5.98\webapps\examples]的部署已在[147]毫秒内完成
20-Aug-2025 17:22:28.954 信息 [localhost-startStop-1] org.apache.catalina.startup.HostConfig.deployDirectory 把web 应用程序部署到目录 [C:\Users\Administrator\Desktop\chenhaobisai\apache-tomcat-8.5.98\webapps\host-manager]
20-Aug-2025 17:22:28.969 信息 [localhost-startStop-1] org.apache.catalina.startup.HostConfig.deployDirectory Web应用程序目录[C:\Users\Administrator\Desktop\chenhaobisai\apache-tomcat-8.5.98\webapps\host-manager]的部署已在[15]毫秒内完成
20-Aug-2025 17:22:28.969 信息 [localhost-startStop-1] org.apache.catalina.startup.HostConfig.deployDirectory 把web 应用程序部署到目录 [C:\Users\Administrator\Desktop\chenhaobisai\apache-tomcat-8.5.98\webapps\manager]
20-Aug-2025 17:22:28.985 信息 [localhost-startStop-1] org.apache.catalina.startup.HostConfig.deployDirectory Web应用程序目录[C:\Users\Administrator\Desktop\chenhaobisai\apache-tomcat-8.5.98\webapps\manager]的部署已在[16]毫秒内完成
20-Aug-2025 17:22:28.985 信息 [localhost-startStop-1] org.apache.catalina.startup.HostConfig.deployDirectory 把web 应用程序部署到目录 [C:\Users\Administrator\Desktop\chenhaobisai\apache-tomcat-8.5.98\webapps\ROOT]
20-Aug-2025 17:22:28.995 信息 [localhost-startStop-1] org.apache.catalina.startup.HostConfig.deployDirectory Web应用程序目录[C:\Users\Administrator\Desktop\chenhaobisai\apache-tomcat-8.5.98\webapps\ROOT]的部署已在[10]毫秒内完成
20-Aug-2025 17:22:28.997 信息 [main] org.apache.coyote.AbstractProtocol.start 开始协议处理句柄["http-nio-8080"]
20-Aug-2025 17:22:29.009 信息 [main] org.apache.catalina.startup.Catalina.start Server startup in 3580 ms
